\BOOKMARK [1][-]{section.1}{Introduction}{}% 1
\BOOKMARK [1][-]{section.2}{Submodular maximization}{}% 2
\BOOKMARK [1][-]{section.3}{Approaches for parallel learning}{}% 3
\BOOKMARK [2][-]{subsection.3.1}{Coordination free}{section.3}% 4
\BOOKMARK [2][-]{subsection.3.2}{Concurrency control}{section.3}% 5
\BOOKMARK [1][-]{section.4}{Hogwild for arbitrary submodular F}{}% 6
\BOOKMARK [2][-]{subsection.4.1}{Hogwild for separable sums F}{section.4}% 7
\BOOKMARK [1][-]{section.5}{Concurrency control}{}% 8
\BOOKMARK [2][-]{subsection.5.1}{Separable sums F}{section.5}% 9
\BOOKMARK [1][-]{section.6}{Analysis of algorithms}{}% 10
\BOOKMARK [2][-]{subsection.6.1}{Approximation of hogwild bidirectional greedy}{section.6}% 11
\BOOKMARK [3][-]{subsubsection.6.1.1}{Assumption}{subsection.6.1}% 12
\BOOKMARK [3][-]{subsubsection.6.1.2}{Example: max graph cut}{subsection.6.1}% 13
\BOOKMARK [3][-]{subsubsection.6.1.3}{Example: set cover}{subsection.6.1}% 14
\BOOKMARK [2][-]{subsection.6.2}{Correctness of OCC}{section.6}% 15
\BOOKMARK [2][-]{subsection.6.3}{Scalability of OCC}{section.6}% 16
\BOOKMARK [3][-]{subsubsection.6.3.1}{Example: max graph cut}{subsection.6.3}% 17
\BOOKMARK [3][-]{subsubsection.6.3.2}{Example: set cover}{subsection.6.3}% 18
\BOOKMARK [1][-]{section.7}{Evaluation}{}% 19
\BOOKMARK [2][-]{subsection.7.1}{Implementation}{section.7}% 20
\BOOKMARK [2][-]{subsection.7.2}{Experiments}{section.7}% 21
\BOOKMARK [1][-]{section.1}{Proof of bound for hogwild}{}% 22
\BOOKMARK [2][-]{subsection.1.1}{Example: max graph cut}{section.1}% 23
\BOOKMARK [2][-]{subsection.1.2}{Example: set cover}{section.1}% 24
\BOOKMARK [1][-]{section.2}{Upper bound on expected number of elements sent for validation}{}% 25
\BOOKMARK [2][-]{subsection.2.1}{Tighter general bound?}{section.2}% 26
\BOOKMARK [2][-]{subsection.2.2}{Upper bound for max graph cut}{section.2}% 27
\BOOKMARK [2][-]{subsection.2.3}{Upper bound for set cover}{section.2}% 28
\BOOKMARK [1][-]{section.3}{Lemma}{}% 29
