\BOOKMARK [1][-]{section.1}{Introduction}{}% 1
\BOOKMARK [1][-]{section.2}{Submodular maximization}{}% 2
\BOOKMARK [1][-]{section.3}{Approaches for parallel learning}{}% 3
\BOOKMARK [2][-]{subsection.3.1}{Coordination free}{section.3}% 4
\BOOKMARK [2][-]{subsection.3.2}{Concurrency control}{section.3}% 5
\BOOKMARK [1][-]{section.4}{Hogwild Bidirectional Greedy Algorithm}{}% 6
\BOOKMARK [2][-]{subsection.4.1}{Hogwild for separable sums F}{section.4}% 7
\BOOKMARK [1][-]{section.5}{Optimistic Concurrency Control for Bidirectional Greedy Algorithm}{}% 8
\BOOKMARK [2][-]{subsection.5.1}{Separable sums F}{section.5}% 9
\BOOKMARK [1][-]{section.6}{Analysis of Algorithms}{}% 10
\BOOKMARK [2][-]{subsection.6.1}{Approximation of hogwild bidirectional greedy}{section.6}% 11
\BOOKMARK [2][-]{subsection.6.2}{Correctness of OCC}{section.6}% 12
\BOOKMARK [2][-]{subsection.6.3}{Scalability of OCC}{section.6}% 13
\BOOKMARK [1][-]{section.7}{Evaluation}{}% 14
\BOOKMARK [2][-]{subsection.7.1}{Adversarial ordering}{section.7}% 15
\BOOKMARK [1][-]{section.8}{Related Work}{}% 16
\BOOKMARK [1][-]{section.9}{Discussions}{}% 17
\BOOKMARK [1][-]{appendix.A}{Proof of bound for hogwild}{}% 18
\BOOKMARK [2][-]{subsection.A.1}{Example: max graph cut}{appendix.A}% 19
\BOOKMARK [2][-]{subsection.A.2}{Example: set cover}{appendix.A}% 20
\BOOKMARK [1][-]{appendix.B}{Upper bound on expected number of elements sent for validation}{}% 21
\BOOKMARK [2][-]{subsection.B.1}{Tighter general bound?}{appendix.B}% 22
\BOOKMARK [2][-]{subsection.B.2}{Upper bound for max graph cut}{appendix.B}% 23
\BOOKMARK [2][-]{subsection.B.3}{Upper bound for set cover}{appendix.B}% 24
\BOOKMARK [1][-]{appendix.C}{Lemma}{}% 25
\BOOKMARK [1][-]{appendix.D}{Full experiment results}{}% 26
\BOOKMARK [1][-]{appendix.E}{Full experiment results, partitioning with work stealing}{}% 27
