This is pdfTeX, Version 3.1415926-2.4-1.40.13 (TeX Live 2012) (format=pdflatex 2012.6.30)  5 MAY 2014 11:16
entering extended mode
 restricted \write18 enabled.
 file:line:error style messages enabled.
 %&-line parsing enabled.
**parallel_submodular.tex
(./parallel_submodular.tex
LaTeX2e <2011/06/27>
Babel <v3.8m> and hyphenation patterns for english, dumylang, nohyphenation, ge
rman-x-2012-05-30, ngerman-x-2012-05-30, afrikaans, ancientgreek, ibycus, arabi
c, armenian, basque, bulgarian, catalan, pinyin, coptic, croatian, czech, danis
h, dutch, ukenglish, usenglishmax, esperanto, estonian, ethiopic, farsi, finnis
h, french, friulan, galician, german, ngerman, swissgerman, monogreek, greek, h
ungarian, icelandic, assamese, bengali, gujarati, hindi, kannada, malayalam, ma
rathi, oriya, panjabi, tamil, telugu, indonesian, interlingua, irish, italian, 
kurmanji, latin, latvian, lithuanian, mongolian, mongolianlmc, bokmal, nynorsk,
 polish, portuguese, romanian, romansh, russian, sanskrit, serbian, serbianc, s
lovak, slovenian, spanish, swedish, turkish, turkmen, ukrainian, uppersorbian, 
welsh, loaded.
(/usr/local/texlive/2012/texmf-dist/tex/latex/base/article.cls
Document Class: article 2007/10/19 v1.4h Standard LaTeX document class
(/usr/local/texlive/2012/texmf-dist/tex/latex/base/size10.clo
File: size10.clo 2007/10/19 v1.4h Standard LaTeX file (size option)
)
\c@part=\count79
\c@section=\count80
\c@subsection=\count81
\c@subsubsection=\count82
\c@paragraph=\count83
\c@subparagraph=\count84
\c@figure=\count85
\c@table=\count86
\abovecaptionskip=\skip41
\belowcaptionskip=\skip42
\bibindent=\dimen102
)
(./nips14submit_e.sty
(/usr/local/texlive/2012/texmf-dist/tex/latex/eso-pic/eso-pic.sty
Package: eso-pic 2010/10/06 v2.0c eso-pic (RN)

(/usr/local/texlive/2012/texmf-dist/tex/generic/oberdiek/atbegshi.sty
Package: atbegshi 2011/10/05 v1.16 At begin shipout hook (HO)

(/usr/local/texlive/2012/texmf-dist/tex/generic/oberdiek/infwarerr.sty
Package: infwarerr 2010/04/08 v1.3 Providing info/warning/error messages (HO)
)
(/usr/local/texlive/2012/texmf-dist/tex/generic/oberdiek/ltxcmds.sty
Package: ltxcmds 2011/11/09 v1.22 LaTeX kernel commands for general use (HO)
)
(/usr/local/texlive/2012/texmf-dist/tex/generic/oberdiek/ifpdf.sty
Package: ifpdf 2011/01/30 v2.3 Provides the ifpdf switch (HO)
Package ifpdf Info: pdfTeX in PDF mode is detected.
))
(/usr/local/texlive/2012/texmf-dist/tex/latex/graphics/keyval.sty
Package: keyval 1999/03/16 v1.13 key=value parser (DPC)
\KV@toks@=\toks14
)
(/usr/local/texlive/2012/texmf-dist/tex/latex/xcolor/xcolor.sty
Package: xcolor 2007/01/21 v2.11 LaTeX color extensions (UK)

(/usr/local/texlive/2012/texmf-dist/tex/latex/latexconfig/color.cfg
File: color.cfg 2007/01/18 v1.5 color configuration of teTeX/TeXLive
)
Package xcolor Info: Driver file: pdftex.def on input line 225.

(/usr/local/texlive/2012/texmf-dist/tex/latex/pdftex-def/pdftex.def
File: pdftex.def 2011/05/27 v0.06d Graphics/color for pdfTeX
\Gread@gobject=\count87
)
Package xcolor Info: Model `cmy' substituted by `cmy0' on input line 1337.
Package xcolor Info: Model `hsb' substituted by `rgb' on input line 1341.
Package xcolor Info: Model `RGB' extended on input line 1353.
Package xcolor Info: Model `HTML' substituted by `rgb' on input line 1355.
Package xcolor Info: Model `Hsb' substituted by `hsb' on input line 1356.
Package xcolor Info: Model `tHsb' substituted by `hsb' on input line 1357.
Package xcolor Info: Model `HSB' substituted by `hsb' on input line 1358.
Package xcolor Info: Model `Gray' substituted by `gray' on input line 1359.
Package xcolor Info: Model `wave' substituted by `hsb' on input line 1360.
))
\nipsrulerbox=\box26
\nipsrulercount=\count88
\nipsruleroffset=\dimen103
\cv@lineheight=\dimen104
\cv@boxheight=\dimen105
\cv@tmpbox=\box27
\cv@refno=\count89
\cv@tot=\count90
\cv@tmpc@=\count91
\cv@tmpc=\count92
)
(/usr/local/texlive/2012/texmf-dist/tex/latex/psnfss/times.sty
Package: times 2005/04/12 PSNFSS-v9.2a (SPQR) 
)
(/usr/local/texlive/2012/texmf-dist/tex/latex/graphics/graphicx.sty
Package: graphicx 1999/02/16 v1.0f Enhanced LaTeX Graphics (DPC,SPQR)

(/usr/local/texlive/2012/texmf-dist/tex/latex/graphics/graphics.sty
Package: graphics 2009/02/05 v1.0o Standard LaTeX Graphics (DPC,SPQR)

(/usr/local/texlive/2012/texmf-dist/tex/latex/graphics/trig.sty
Package: trig 1999/03/16 v1.09 sin cos tan (DPC)
)
(/usr/local/texlive/2012/texmf-dist/tex/latex/latexconfig/graphics.cfg
File: graphics.cfg 2010/04/23 v1.9 graphics configuration of TeX Live
)
Package graphics Info: Driver file: pdftex.def on input line 91.
)
\Gin@req@height=\dimen106
\Gin@req@width=\dimen107
)
(/usr/local/texlive/2012/texmf-dist/tex/latex/caption/caption.sty
Package: caption 2012/02/19 v3.2f Customizing captions (AR)

(/usr/local/texlive/2012/texmf-dist/tex/latex/caption/caption3.sty
Package: caption3 2012/01/12 v1.4b caption3 kernel (AR)
\captionmargin=\dimen108
\captionmargin@=\dimen109
\captionwidth=\dimen110
\caption@indent=\dimen111
\caption@parindent=\dimen112
\caption@hangindent=\dimen113
)
\c@ContinuedFloat=\count93
)
(/usr/local/texlive/2012/texmf-dist/tex/latex/caption/subcaption.sty
Package: subcaption 2012/01/12 v1.1d Sub-captions (AR)
\c@subfigure=\count94
\c@subtable=\count95
)
(/usr/local/texlive/2012/texmf-dist/tex/latex/amsmath/amsmath.sty
Package: amsmath 2000/07/18 v2.13 AMS math features
\@mathmargin=\skip43

For additional information on amsmath, use the `?' option.
(/usr/local/texlive/2012/texmf-dist/tex/latex/amsmath/amstext.sty
Package: amstext 2000/06/29 v2.01

(/usr/local/texlive/2012/texmf-dist/tex/latex/amsmath/amsgen.sty
File: amsgen.sty 1999/11/30 v2.0
\@emptytoks=\toks15
\ex@=\dimen114
))
(/usr/local/texlive/2012/texmf-dist/tex/latex/amsmath/amsbsy.sty
Package: amsbsy 1999/11/29 v1.2d
\pmbraise@=\dimen115
)
(/usr/local/texlive/2012/texmf-dist/tex/latex/amsmath/amsopn.sty
Package: amsopn 1999/12/14 v2.01 operator names
)
\inf@bad=\count96
LaTeX Info: Redefining \frac on input line 211.
\uproot@=\count97
\leftroot@=\count98
LaTeX Info: Redefining \overline on input line 307.
\classnum@=\count99
\DOTSCASE@=\count100
LaTeX Info: Redefining \ldots on input line 379.
LaTeX Info: Redefining \dots on input line 382.
LaTeX Info: Redefining \cdots on input line 467.
\Mathstrutbox@=\box28
\strutbox@=\box29
\big@size=\dimen116
LaTeX Font Info:    Redeclaring font encoding OML on input line 567.
LaTeX Font Info:    Redeclaring font encoding OMS on input line 568.
\macc@depth=\count101
\c@MaxMatrixCols=\count102
\dotsspace@=\muskip10
\c@parentequation=\count103
\dspbrk@lvl=\count104
\tag@help=\toks16
\row@=\count105
\column@=\count106
\maxfields@=\count107
\andhelp@=\toks17
\eqnshift@=\dimen117
\alignsep@=\dimen118
\tagshift@=\dimen119
\tagwidth@=\dimen120
\totwidth@=\dimen121
\lineht@=\dimen122
\@envbody=\toks18
\multlinegap=\skip44
\multlinetaggap=\skip45
\mathdisplay@stack=\toks19
LaTeX Info: Redefining \[ on input line 2666.
LaTeX Info: Redefining \] on input line 2667.
)
(/usr/local/texlive/2012/texmf-dist/tex/latex/amsfonts/amsfonts.sty
Package: amsfonts 2009/06/22 v3.00 Basic AMSFonts support
\symAMSa=\mathgroup4
\symAMSb=\mathgroup5
LaTeX Font Info:    Overwriting math alphabet `\mathfrak' in version `bold'
(Font)                  U/euf/m/n --> U/euf/b/n on input line 96.
)
(/usr/local/texlive/2012/texmf-dist/tex/latex/amscls/amsthm.sty
Package: amsthm 2009/07/02 v2.20.1
\thm@style=\toks20
\thm@bodyfont=\toks21
\thm@headfont=\toks22
\thm@notefont=\toks23
\thm@headpunct=\toks24
\thm@preskip=\skip46
\thm@postskip=\skip47
\thm@headsep=\skip48
\dth@everypar=\toks25
)
(/usr/local/texlive/2012/texmf-dist/tex/latex/amsfonts/amssymb.sty
Package: amssymb 2009/06/22 v3.00
)
(/usr/local/texlive/2012/texmf-dist/tex/latex/listings/listings.sty
\lst@mode=\count108
\lst@gtempboxa=\box30
\lst@token=\toks26
\lst@length=\count109
\lst@currlwidth=\dimen123
\lst@column=\count110
\lst@pos=\count111
\lst@lostspace=\dimen124
\lst@width=\dimen125
\lst@newlines=\count112
\lst@lineno=\count113
\lst@maxwidth=\dimen126

(/usr/local/texlive/2012/texmf-dist/tex/latex/listings/lstmisc.sty
File: lstmisc.sty 2007/02/22 1.4 (Carsten Heinz)
\c@lstnumber=\count114
\lst@skipnumbers=\count115
\lst@framebox=\box31
)
(/usr/local/texlive/2012/texmf-dist/tex/latex/listings/listings.cfg
File: listings.cfg 2007/02/22 1.4 listings configuration
))
Package: listings 2007/02/22 1.4 (Carsten Heinz)

(/usr/local/texlive/2012/texmf-dist/tex/latex/tools/tabularx.sty
Package: tabularx 1999/01/07 v2.07 `tabularx' package (DPC)

(/usr/local/texlive/2012/texmf-dist/tex/latex/tools/array.sty
Package: array 2008/09/09 v2.4c Tabular extension package (FMi)
\col@sep=\dimen127
\extrarowheight=\dimen128
\NC@list=\toks27
\extratabsurround=\skip49
\backup@length=\skip50
)
\TX@col@width=\dimen129
\TX@old@table=\dimen130
\TX@old@col=\dimen131
\TX@target=\dimen132
\TX@delta=\dimen133
\TX@cols=\count116
\TX@ftn=\toks28
)
(/usr/local/texlive/2012/texmf-dist/tex/latex/tools/multicol.sty
Package: multicol 2011/06/27 v1.7a multicolumn formatting (FMi)
\c@tracingmulticols=\count117
\mult@box=\box32
\multicol@leftmargin=\dimen134
\c@unbalance=\count118
\c@collectmore=\count119
\doublecol@number=\count120
\multicoltolerance=\count121
\multicolpretolerance=\count122
\full@width=\dimen135
\page@free=\dimen136
\premulticols=\dimen137
\postmulticols=\dimen138
\multicolsep=\skip51
\multicolbaselineskip=\skip52
\partial@page=\box33
\last@line=\box34
\mult@rightbox=\box35
\mult@grightbox=\box36
\mult@gfirstbox=\box37
\mult@firstbox=\box38
\@tempa=\box39
\@tempa=\box40
\@tempa=\box41
\@tempa=\box42
\@tempa=\box43
\@tempa=\box44
\@tempa=\box45
\@tempa=\box46
\@tempa=\box47
\@tempa=\box48
\@tempa=\box49
\@tempa=\box50
\@tempa=\box51
\@tempa=\box52
\@tempa=\box53
\@tempa=\box54
\@tempa=\box55
\c@columnbadness=\count123
\c@finalcolumnbadness=\count124
\last@try=\dimen139
\multicolovershoot=\dimen140
\multicolundershoot=\dimen141
\mult@nat@firstbox=\box56
\colbreak@box=\box57
\multicol@sort@counter=\count125
)
(/usr/local/texlive/2012/texmf-dist/tex/latex/float/float.sty
Package: float 2001/11/08 v1.3d Float enhancements (AL)
\c@float@type=\count126
\float@exts=\toks29
\float@box=\box58
\@float@everytoks=\toks30
\@floatcapt=\box59
)
(/usr/local/texlive/2012/texmf-dist/tex/latex/microtype/microtype.sty
Package: microtype 2010/01/10 v2.4 Micro-typography with pdfTeX (RS)
\MT@toks=\toks31
\MT@count=\count127
LaTeX Info: Redefining \lsstyle on input line 1597.
LaTeX Info: Redefining \lslig on input line 1597.
\MT@outer@space=\skip53
LaTeX Info: Redefining \textls on input line 1605.
\MT@outer@kern=\dimen142
LaTeX Info: Redefining \textmicrotypecontext on input line 2156.
Package microtype Info: Loading configuration file microtype.cfg.

(/usr/local/texlive/2012/texmf-dist/tex/latex/microtype/microtype.cfg
File: microtype.cfg 2010/01/10 v2.4 microtype main configuration file (RS)
))
(/usr/local/texlive/2012/texmf-dist/tex/latex/wrapfig/wrapfig.sty
\wrapoverhang=\dimen143
\WF@size=\dimen144
\c@WF@wrappedlines=\count128
\WF@box=\box60
\WF@everypar=\toks32
Package: wrapfig 2003/01/31  v 3.6
)
(/usr/local/texlive/2012/texmf-dist/tex/latex/natbib/natbib.sty
Package: natbib 2010/09/13 8.31b (PWD, AO)
\bibhang=\skip54
\bibsep=\skip55
LaTeX Info: Redefining \cite on input line 694.
\c@NAT@ctr=\count129
)
(/usr/local/texlive/2012/texmf-dist/tex/latex/multirow/multirow.sty
\bigstrutjot=\dimen145
)
(/usr/local/texlive/2012/texmf-dist/tex/latex/algorithm2e/algorithm2e.sty
Package: algorithm2e 2008/00/00 v3.10 algorithms environments
\c@AlgoLine=\count130

(/usr/local/texlive/2012/texmf-dist/tex/latex/base/ifthen.sty
Package: ifthen 2001/05/26 v1.1c Standard LaTeX ifthen package (DPC)
)
(/usr/local/texlive/2012/texmf-dist/tex/latex/tools/xspace.sty
Package: xspace 2009/10/20 v1.13 Space after command names (DPC,MH)
)
(/usr/local/texlive/2012/texmf-dist/tex/latex/relsize/relsize.sty
Package: relsize 2011/09/21 ver 4.0

Examine \normalsize starts \@setsize size may be 11pt. 
Examine \small starts \@setsize size may be 10pt. 
Examine \footnotesize starts \@setsize size may be 10pt. 
Examine \large starts \@setsize size may be 14pt. 
Examine \Large starts \@setsize size may be 16pt. 
Examine \LARGE starts \@setsize size may be 20pt. 
Examine \scriptsize starts \@setsize size may be 8pt. 
Examine \tiny starts \@setsize size may be 7pt. 
Examine \huge starts \@setsize size may be 23pt. 
Examine \Huge starts \@setsize size may be 28pt. 

Package relsize Warning: Failed to get list of defined font sizes.
(relsize)                Size scaling will attempt arbitrary sizes..

)
********************************************************
Package `algorithm2e' Release 4.01 -- december 14 2009 --
- algorithm2e-announce@lirmm.fr mailing list for announcement about releases
- algorithm2e-discussion@lirmm.fr mailing list for discussion about package
subscribe by emailing sympa@lirmm.fr with 'subscribe <list> <firstname name>'
- Author: Christophe Fiorio (fiorio@lirmm.fr)
********************************************************
\skiptotal=\skip56
\skiplinenumber=\skip57
\skiprule=\skip58
\skiphlne=\skip59
\skiptext=\skip60
\skiplength=\skip61
\algomargin=\skip62
\skipalgocfslide=\skip63
\algowidth=\dimen146
\inoutsize=\dimen147
\inoutline=\dimen148
\interspacetitleruled=\dimen149
\interspacealgoruled=\dimen150
\interspacetitleboxruled=\dimen151
\algocf@inoutbox=\box61
\algocf@inputbox=\box62
\AlCapSkip=\skip64
\AlCapHSkip=\skip65
\algocf@nlbox=\box63
\algocf@hangingbox=\box64
\algocf@capbox=\box65
\algoheightruledefault=\skip66
\algoheightrule=\skip67
\algotitleheightruledefault=\skip68
\algotitleheightrule=\skip69
\c@algocfline=\count131
\c@algocfproc=\count132
\c@algocf=\count133
\algocf@algoframe=\box66
\algocf@algobox=\box67
) (/usr/local/texlive/2012/texmf-dist/tex/latex/algorithms/algorithmic.sty
Package: algorithmic 2009/08/24 v0.1 Document Style `algorithmic'
\c@ALC@unique=\count134
\c@ALC@line=\count135
\c@ALC@rem=\count136
\c@ALC@depth=\count137
\ALC@tlm=\skip70
\algorithmicindent=\skip71
)
(/usr/local/texlive/2012/texmf-dist/tex/latex/comment/comment.sty
\CommentStream=\write3

Excluding comment 'comment')
(/usr/local/texlive/2012/texmf-dist/tex/latex/hyperref/hyperref.sty
Package: hyperref 2012/05/13 v6.82q Hypertext links for LaTeX

(/usr/local/texlive/2012/texmf-dist/tex/generic/oberdiek/hobsub-hyperref.sty
Package: hobsub-hyperref 2012/05/28 v1.13 Bundle oberdiek, subset hyperref (HO)


(/usr/local/texlive/2012/texmf-dist/tex/generic/oberdiek/hobsub-generic.sty
Package: hobsub-generic 2012/05/28 v1.13 Bundle oberdiek, subset generic (HO)
Package: hobsub 2012/05/28 v1.13 Construct package bundles (HO)
Package hobsub Info: Skipping package `infwarerr' (already loaded).
Package hobsub Info: Skipping package `ltxcmds' (already loaded).
Package: ifluatex 2010/03/01 v1.3 Provides the ifluatex switch (HO)
Package ifluatex Info: LuaTeX not detected.
Package: ifvtex 2010/03/01 v1.5 Detect VTeX and its facilities (HO)
Package ifvtex Info: VTeX not detected.
Package: intcalc 2007/09/27 v1.1 Expandable calculations with integers (HO)
Package hobsub Info: Skipping package `ifpdf' (already loaded).
Package: etexcmds 2011/02/16 v1.5 Avoid name clashes with e-TeX commands (HO)
Package etexcmds Info: Could not find \expanded.
(etexcmds)             That can mean that you are not using pdfTeX 1.50 or
(etexcmds)             that some package has redefined \expanded.
(etexcmds)             In the latter case, load this package earlier.
Package: kvsetkeys 2012/04/25 v1.16 Key value parser (HO)
Package: kvdefinekeys 2011/04/07 v1.3 Define keys (HO)
Package: pdftexcmds 2011/11/29 v0.20 Utility functions of pdfTeX for LuaTeX (HO
)
Package pdftexcmds Info: LuaTeX not detected.
Package pdftexcmds Info: \pdf@primitive is available.
Package pdftexcmds Info: \pdf@ifprimitive is available.
Package pdftexcmds Info: \pdfdraftmode found.
Package: pdfescape 2011/11/25 v1.13 Implements pdfTeX's escape features (HO)
Package: bigintcalc 2012/04/08 v1.3 Expandable calculations on big integers (HO
)
Package: bitset 2011/01/30 v1.1 Handle bit-vector datatype (HO)
Package: uniquecounter 2011/01/30 v1.2 Provide unlimited unique counter (HO)
)
Package hobsub Info: Skipping package `hobsub' (already loaded).
Package: letltxmacro 2010/09/02 v1.4 Let assignment for LaTeX macros (HO)
Package: hopatch 2012/05/28 v1.2 Wrapper for package hooks (HO)
Package: xcolor-patch 2011/01/30 xcolor patch
Package: atveryend 2011/06/30 v1.8 Hooks at the very end of document (HO)
Package atveryend Info: \enddocument detected (standard20110627).
Package hobsub Info: Skipping package `atbegshi' (already loaded).
Package: refcount 2011/10/16 v3.4 Data extraction from label references (HO)
Package: hycolor 2011/01/30 v1.7 Color options for hyperref/bookmark (HO)
)
(/usr/local/texlive/2012/texmf-dist/tex/generic/ifxetex/ifxetex.sty
Package: ifxetex 2010/09/12 v0.6 Provides ifxetex conditional
)
(/usr/local/texlive/2012/texmf-dist/tex/latex/oberdiek/kvoptions.sty
Package: kvoptions 2011/06/30 v3.11 Key value format for package options (HO)
)
\@linkdim=\dimen152
\Hy@linkcounter=\count138
\Hy@pagecounter=\count139

(/usr/local/texlive/2012/texmf-dist/tex/latex/hyperref/pd1enc.def
File: pd1enc.def 2012/05/13 v6.82q Hyperref: PDFDocEncoding definition (HO)
)
\Hy@SavedSpaceFactor=\count140

(/usr/local/texlive/2012/texmf-dist/tex/latex/latexconfig/hyperref.cfg
File: hyperref.cfg 2002/06/06 v1.2 hyperref configuration of TeXLive
)
Package hyperref Info: Hyper figures OFF on input line 4062.
Package hyperref Info: Link nesting OFF on input line 4067.
Package hyperref Info: Hyper index ON on input line 4070.
Package hyperref Info: Plain pages OFF on input line 4077.
Package hyperref Info: Backreferencing OFF on input line 4082.
Package hyperref Info: Implicit mode ON; LaTeX internals redefined.
Package hyperref Info: Bookmarks ON on input line 4300.
\c@Hy@tempcnt=\count141

(/usr/local/texlive/2012/texmf-dist/tex/latex/url/url.sty
\Urlmuskip=\muskip11
Package: url 2006/04/12  ver 3.3  Verb mode for urls, etc.
)
LaTeX Info: Redefining \url on input line 4653.
\Fld@menulength=\count142
\Field@Width=\dimen153
\Fld@charsize=\dimen154
Package hyperref Info: Hyper figures OFF on input line 5773.
Package hyperref Info: Link nesting OFF on input line 5778.
Package hyperref Info: Hyper index ON on input line 5781.
Package hyperref Info: backreferencing OFF on input line 5788.
Package hyperref Info: Link coloring OFF on input line 5793.
Package hyperref Info: Link coloring with OCG OFF on input line 5798.
Package hyperref Info: PDF/A mode OFF on input line 5803.
LaTeX Info: Redefining \ref on input line 5843.
LaTeX Info: Redefining \pageref on input line 5847.
\Hy@abspage=\count143
\c@Item=\count144
\c@Hfootnote=\count145
)

Package hyperref Message: Driver (autodetected): hpdftex.

(/usr/local/texlive/2012/texmf-dist/tex/latex/hyperref/hpdftex.def
File: hpdftex.def 2012/05/13 v6.82q Hyperref driver for pdfTeX
\Fld@listcount=\count146
\c@bookmark@seq@number=\count147

(/usr/local/texlive/2012/texmf-dist/tex/latex/oberdiek/rerunfilecheck.sty
Package: rerunfilecheck 2011/04/15 v1.7 Rerun checks for auxiliary files (HO)
Package uniquecounter Info: New unique counter `rerunfilecheck' on input line 2
82.
)
\Hy@SectionHShift=\skip72
)
\c@dfn=\count148
\c@thm=\count149
\c@claim=\count150
\@float@every@program=\toks33
\c@program=\count151

(./parallel_submodular.aux

LaTeX Warning: Label `app:exptresults' multiply defined.

)
\openout1 = `parallel_submodular.aux'.

LaTeX Font Info:    Checking defaults for OML/cmm/m/it on input line 276.
LaTeX Font Info:    ... okay on input line 276.
LaTeX Font Info:    Checking defaults for T1/cmr/m/n on input line 276.
LaTeX Font Info:    ... okay on input line 276.
LaTeX Font Info:    Checking defaults for OT1/cmr/m/n on input line 276.
LaTeX Font Info:    ... okay on input line 276.
LaTeX Font Info:    Checking defaults for OMS/cmsy/m/n on input line 276.
LaTeX Font Info:    ... okay on input line 276.
LaTeX Font Info:    Checking defaults for OMX/cmex/m/n on input line 276.
LaTeX Font Info:    ... okay on input line 276.
LaTeX Font Info:    Checking defaults for U/cmr/m/n on input line 276.
LaTeX Font Info:    ... okay on input line 276.
LaTeX Font Info:    Checking defaults for PD1/pdf/m/n on input line 276.
LaTeX Font Info:    ... okay on input line 276.
LaTeX Font Info:    Try loading font information for OT1+ptm on input line 276.

 (/usr/local/texlive/2012/texmf-dist/tex/latex/psnfss/ot1ptm.fd
File: ot1ptm.fd 2001/06/04 font definitions for OT1/ptm.
)
\AtBeginShipoutBox=\box68

(/usr/local/texlive/2012/texmf-dist/tex/context/base/supp-pdf.mkii
[Loading MPS to PDF converter (version 2006.09.02).]
\scratchcounter=\count152
\scratchdimen=\dimen155
\scratchbox=\box69
\nofMPsegments=\count153
\nofMParguments=\count154
\everyMPshowfont=\toks34
\MPscratchCnt=\count155
\MPscratchDim=\dimen156
\MPnumerator=\count156
\makeMPintoPDFobject=\count157
\everyMPtoPDFconversion=\toks35
) (/usr/local/texlive/2012/texmf-dist/tex/latex/oberdiek/epstopdf-base.sty
Package: epstopdf-base 2010/02/09 v2.5 Base part for package epstopdf

(/usr/local/texlive/2012/texmf-dist/tex/latex/oberdiek/grfext.sty
Package: grfext 2010/08/19 v1.1 Manage graphics extensions (HO)
)
Package grfext Info: Graphics extension search list:
(grfext)             [.png,.pdf,.jpg,.mps,.jpeg,.jbig2,.jb2,.PNG,.PDF,.JPG,.JPE
G,.JBIG2,.JB2,.eps]
(grfext)             \AppendGraphicsExtensions on input line 452.

(/usr/local/texlive/2012/texmf-dist/tex/latex/latexconfig/epstopdf-sys.cfg
File: epstopdf-sys.cfg 2010/07/13 v1.3 Configuration of (r)epstopdf for TeX Liv
e
))
Package caption Info: Begin \AtBeginDocument code.
Package caption Info: float package is loaded.
Package caption Info: hyperref package is loaded.
Package caption Info: listings package is loaded.
Package caption Info: wrapfig package is loaded.
Package caption Info: End \AtBeginDocument code.
\c@lstlisting=\count158
LaTeX Info: Redefining \microtypecontext on input line 276.
Package microtype Info: Generating PDF output.
Package microtype Info: Character protrusion enabled (level 2).
Package microtype Info: Using default protrusion set `alltext'.
Package microtype Info: Automatic font expansion enabled (level 2),
(microtype)             stretch: 20, shrink: 20, step: 1, non-selected.
Package microtype Info: Using default expansion set `basictext'.
Package microtype Info: No tracking.
Package microtype Info: No adjustment of interword spacing.
Package microtype Info: No adjustment of character kerning.

(/usr/local/texlive/2012/texmf-dist/tex/latex/microtype/mt-ptm.cfg
File: mt-ptm.cfg 2006/04/20 v1.7 microtype config. file: Times (RS)
)
Package hyperref Info: Link coloring OFF on input line 276.

(/usr/local/texlive/2012/texmf-dist/tex/latex/hyperref/nameref.sty
Package: nameref 2010/04/30 v2.40 Cross-referencing by name of section

(/usr/local/texlive/2012/texmf-dist/tex/generic/oberdiek/gettitlestring.sty
Package: gettitlestring 2010/12/03 v1.4 Cleanup title references (HO)
)
\c@section@level=\count159
)
LaTeX Info: Redefining \ref on input line 276.
LaTeX Info: Redefining \pageref on input line 276.
LaTeX Info: Redefining \nameref on input line 276.

(./parallel_submodular.out) (./parallel_submodular.out)
\@outlinefile=\write4
\openout4 = `parallel_submodular.out'.

LaTeX Font Info:    Font shape `OT1/ptm/bx/n' in size <17.28> not available
(Font)              Font shape `OT1/ptm/b/n' tried instead on input line 280.

(/usr/local/texlive/2012/texmf-dist/tex/latex/microtype/mt-cmr.cfg
File: mt-cmr.cfg 2009/11/09 v2.0 microtype config. file: Computer Modern Roman 
(RS)
)
LaTeX Font Info:    Try loading font information for U+msa on input line 280.

(/usr/local/texlive/2012/texmf-dist/tex/latex/amsfonts/umsa.fd
File: umsa.fd 2009/06/22 v3.00 AMS symbols A
)
(/usr/local/texlive/2012/texmf-dist/tex/latex/microtype/mt-msa.cfg
File: mt-msa.cfg 2006/02/04 v1.1 microtype config. file: AMS symbols (a) (RS)
)
LaTeX Font Info:    Try loading font information for U+msb on input line 280.

(/usr/local/texlive/2012/texmf-dist/tex/latex/amsfonts/umsb.fd
File: umsb.fd 2009/06/22 v3.00 AMS symbols B
)
(/usr/local/texlive/2012/texmf-dist/tex/latex/microtype/mt-msb.cfg
File: mt-msb.cfg 2005/06/01 v1.0 microtype config. file: AMS symbols (b) (RS)
)
LaTeX Font Info:    Font shape `OT1/ptm/bx/n' in size <10> not available
(Font)              Font shape `OT1/ptm/b/n' tried instead on input line 280.
LaTeX Font Info:    Try loading font information for OT1+pcr on input line 280.


(/usr/local/texlive/2012/texmf-dist/tex/latex/psnfss/ot1pcr.fd
File: ot1pcr.fd 2001/06/04 font definitions for OT1/pcr.
)
LaTeX Font Info:    Font shape `OT1/ptm/bx/n' in size <12> not available
(Font)              Font shape `OT1/ptm/b/n' tried instead on input line 282.
 [1{/usr/local/texlive/2012/texmf-var/fonts/map/pdftex/updmap/pdftex.map}

]
LaTeX Font Info:    Font shape `OT1/ptm/bx/n' in size <9> not available
(Font)              Font shape `OT1/ptm/b/n' tried instead on input line 372.
LaTeX Font Info:    Font shape `OT1/ptm/bx/n' in size <6.25002> not available
(Font)              Font shape `OT1/ptm/b/n' tried instead on input line 372.

Overfull \hbox (1.02733pt too wide) in paragraph at lines 366--437
 []$[]$ 
 []


Overfull \hbox (1.02733pt too wide) in paragraph at lines 438--494
 []$[]$ 
 []


Overfull \vbox (21.05998pt too high) detected at line 497
 []


Overfull \vbox (20.05998pt too high) detected at line 497
 []


LaTeX Warning: `h' float specifier changed to `ht'.

[2]

Package hyperref Warning: Token not allowed in a PDF string (PDFDocEncoding):
(hyperref)                removing `math shift' on input line 546.


Package hyperref Warning: Token not allowed in a PDF string (PDFDocEncoding):
(hyperref)                removing `math shift' on input line 546.

[3] [4]

Package hyperref Warning: Token not allowed in a PDF string (PDFDocEncoding):
(hyperref)                removing `math shift' on input line 649.


Package hyperref Warning: Token not allowed in a PDF string (PDFDocEncoding):
(hyperref)                removing `math shift' on input line 649.

[5]

LaTeX Warning: `h' float specifier changed to `ht'.

<images/summary_relruntime.png, id=313, 578.16pt x 433.62pt>
File: images/summary_relruntime.png Graphic file (type png)

<use images/summary_relruntime.png>
Package pdftex.def Info: images/summary_relruntime.png used on input line 854.
(pdftex.def)             Requested size: 150.0pt x 112.50034pt.

Overfull \hbox (30.7533pt too wide) in paragraph at lines 854--855
[][] 
 []

<images/summary_speedup_maxgraphcut.png, id=314, 578.16pt x 433.62pt>
File: images/summary_speedup_maxgraphcut.png Graphic file (type png)

<use images/summary_speedup_maxgraphcut.png>
Package pdftex.def Info: images/summary_speedup_maxgraphcut.png used on input l
ine 859.
(pdftex.def)             Requested size: 150.0pt x 112.50034pt.

Overfull \hbox (30.7533pt too wide) in paragraph at lines 859--860
[][] 
 []

<images/summary_speedup_setcover.png, id=315, 578.16pt x 433.62pt>
File: images/summary_speedup_setcover.png Graphic file (type png)

<use images/summary_speedup_setcover.png>
Package pdftex.def Info: images/summary_speedup_setcover.png used on input line
 864.
(pdftex.def)             Requested size: 150.0pt x 112.50034pt.

Overfull \hbox (30.7533pt too wide) in paragraph at lines 864--865
[][] 
 []

<images/summary_diffFA_maxgraphcut.png, id=316, 578.16pt x 433.62pt>
File: images/summary_diffFA_maxgraphcut.png Graphic file (type png)

<use images/summary_diffFA_maxgraphcut.png>
Package pdftex.def Info: images/summary_diffFA_maxgraphcut.png used on input li
ne 869.
(pdftex.def)             Requested size: 150.0pt x 112.50034pt.

Overfull \hbox (30.7533pt too wide) in paragraph at lines 869--870
[][] 
 []

<images/summary_diffFA_setcover.png, id=317, 578.16pt x 433.62pt>
File: images/summary_diffFA_setcover.png Graphic file (type png)

<use images/summary_diffFA_setcover.png>
Package pdftex.def Info: images/summary_diffFA_setcover.png used on input line 
874.
(pdftex.def)             Requested size: 150.0pt x 112.50034pt.

Overfull \hbox (30.7533pt too wide) in paragraph at lines 874--875
[][] 
 []

<images/summary_validated_maxgraphcut.png, id=318, 578.16pt x 433.62pt>
File: images/summary_validated_maxgraphcut.png Graphic file (type png)

<use images/summary_validated_maxgraphcut.png>
Package pdftex.def Info: images/summary_validated_maxgraphcut.png used on input
 line 879.
(pdftex.def)             Requested size: 150.0pt x 112.50034pt.

Overfull \hbox (30.7533pt too wide) in paragraph at lines 879--880
[][] 
 []

[6] <images/runtime_ring_setcover.png, id=343, 578.16pt x 433.62pt>
File: images/runtime_ring_setcover.png Graphic file (type png)

<use images/runtime_ring_setcover.png>
Package pdftex.def Info: images/runtime_ring_setcover.png used on input line 91
5.
(pdftex.def)             Requested size: 150.0pt x 112.50034pt.

Overfull \hbox (22.8019pt too wide) in paragraph at lines 915--916
[][] 
 []

<images/speedup_ring_setcover.png, id=344, 578.16pt x 433.62pt>
File: images/speedup_ring_setcover.png Graphic file (type png)

<use images/speedup_ring_setcover.png>
Package pdftex.def Info: images/speedup_ring_setcover.png used on input line 92
0.
(pdftex.def)             Requested size: 150.0pt x 112.50034pt.

Overfull \hbox (22.8019pt too wide) in paragraph at lines 920--921
[][] 
 []

<images/validateddiffFA_ring_setcover.png, id=345, 578.16pt x 433.62pt>
File: images/validateddiffFA_ring_setcover.png Graphic file (type png)

<use images/validateddiffFA_ring_setcover.png>
Package pdftex.def Info: images/validateddiffFA_ring_setcover.png used on input
 line 925.
(pdftex.def)             Requested size: 150.0pt x 112.50034pt.

Overfull \hbox (22.8019pt too wide) in paragraph at lines 925--926
[][] 
 []


Overfull \hbox (20.10933pt too wide) in paragraph at lines 913--930
 [][] 
 []


Underfull \vbox (badness 10000) has occurred while \output is active []

 [7 <./images/summary_relruntime.png (PNG copy)> <./images/summary_speedup_maxg
raphcut.png (PNG copy)> <./images/summary_speedup_setcover.png (PNG copy)> <./i
mages/summary_diffFA_maxgraphcut.png (PNG copy)> <./images/summary_diffFA_setco
ver.png (PNG copy)> <./images/summary_validated_maxgraphcut.png (PNG copy)>]
(./parallel_submodular.bbl [8 <./images/runtime_ring_setcover.png (PNG copy)> <
./images/speedup_ring_setcover.png (PNG copy)> <./images/validateddiffFA_ring_s
etcover.png (PNG copy)>]) [9] (./hogwildproof.texpdfTeX warning (ext4): destina
tion with the same identifier (name{section.1}) has been already used, duplicat
e ignored
<to be read again> 
                   \relax 
l.1 \section{Proof of bound for hogwild}
                                        
Underfull \vbox (badness 10000) has occurred while \output is active []

 [10]
[11] [12]
Overfull \hbox (13.55728pt too wide) in paragraph at lines 227--227
[] 
 []


Package amsmath Warning: Foreign command \atopwithdelims;
(amsmath)                \frac or \genfrac should be used instead
(amsmath)                 on input line 231.

[13]
Overfull \hbox (8.7467pt too wide) in paragraph at lines 240--240
[] 
 []

) [14] (./occproof.texpdfTeX warning (ext4): destination with the same identifi
er (name{section.2}) has been already used, duplicate ignored
<to be read again> 
                   \relax 
l.1 ...ted number of elements sent for validation}
                                                   [15]
LaTeX Font Info:    Try loading font information for OMS+ptm on input line 77.

(/usr/local/texlive/2012/texmf-dist/tex/latex/psnfss/omsptm.fd
File: omsptm.fd 
)
LaTeX Font Info:    Font shape `OMS/ptm/m/n' in size <10> not available
(Font)              Font shape `OMS/cmsy/m/n' tried instead on input line 77.

Overfull \hbox (0.64856pt too wide) in paragraph at lines 102--102
[] 
 []


Underfull \vbox (badness 10000) has occurred while \output is active []

 [16]
Overfull \hbox (9.66449pt too wide) in paragraph at lines 138--138
[] 
 []


Overfull \hbox (19.9835pt too wide) in paragraph at lines 149--149
[] 
 []


Underfull \vbox (badness 10000) has occurred while \output is active []

 [17])
[18]pdfTeX warning (ext4): destination with the same identifier (name{section.3
}) has been already used, duplicate ignored
<to be read again> 
                   \relax 
l.983 \newpage\section{Lemma}
                              [19] (./exptresults.texpdfTeX warning (ext4): des
tination with the same identifier (name{section.4}) has been already used, dupl
icate ignored
<to be read again> 
                   \relax 
l.1 \section{Full experiment results}
                                     
<images/runtime_bigsynthetic_maxgraphcut.png, id=454, 578.16pt x 433.62pt>
File: images/runtime_bigsynthetic_maxgraphcut.png Graphic file (type png)

<use images/runtime_bigsynthetic_maxgraphcut.png>
Package pdftex.def Info: images/runtime_bigsynthetic_maxgraphcut.png used on in
put line 7.
(pdftex.def)             Requested size: 110.0pt x 82.4945pt.

Overfull \hbox (22.55283pt too wide) in paragraph at lines 7--8
[][] 
 []

<images/runtime_bigsynthetic_setcover.png, id=455, 578.16pt x 433.62pt>
File: images/runtime_bigsynthetic_setcover.png Graphic file (type png)

<use images/runtime_bigsynthetic_setcover.png>
Package pdftex.def Info: images/runtime_bigsynthetic_setcover.png used on input
 line 12.
(pdftex.def)             Requested size: 110.0pt x 82.4945pt.

Overfull \hbox (22.55283pt too wide) in paragraph at lines 12--13
[][] 
 []

<images/runtime_zigzag_maxgraphcut.png, id=456, 578.16pt x 433.62pt>
File: images/runtime_zigzag_maxgraphcut.png Graphic file (type png)

<use images/runtime_zigzag_maxgraphcut.png>
Package pdftex.def Info: images/runtime_zigzag_maxgraphcut.png used on input li
ne 17.
(pdftex.def)             Requested size: 110.0pt x 82.4945pt.

Overfull \hbox (22.55283pt too wide) in paragraph at lines 17--18
[][] 
 []

<images/runtime_zigzag_setcover.png, id=457, 578.16pt x 433.62pt>
File: images/runtime_zigzag_setcover.png Graphic file (type png)

<use images/runtime_zigzag_setcover.png>
Package pdftex.def Info: images/runtime_zigzag_setcover.png used on input line 
22.
(pdftex.def)             Requested size: 110.0pt x 82.4945pt.

Overfull \hbox (22.55283pt too wide) in paragraph at lines 22--23
[][] 
 []

<images/speedup_bigsynthetic_maxgraphcut.png, id=458, 578.16pt x 433.62pt>
File: images/speedup_bigsynthetic_maxgraphcut.png Graphic file (type png)

<use images/speedup_bigsynthetic_maxgraphcut.png>
Package pdftex.def Info: images/speedup_bigsynthetic_maxgraphcut.png used on in
put line 27.
(pdftex.def)             Requested size: 110.0pt x 82.4945pt.

Overfull \hbox (22.55283pt too wide) in paragraph at lines 27--28
[][] 
 []

<images/speedup_bigsynthetic_setcover.png, id=459, 578.16pt x 433.62pt>
File: images/speedup_bigsynthetic_setcover.png Graphic file (type png)

<use images/speedup_bigsynthetic_setcover.png>
Package pdftex.def Info: images/speedup_bigsynthetic_setcover.png used on input
 line 32.
(pdftex.def)             Requested size: 110.0pt x 82.4945pt.

Overfull \hbox (22.55283pt too wide) in paragraph at lines 32--33
[][] 
 []

<images/speedup_zigzag_maxgraphcut.png, id=460, 578.16pt x 433.62pt>
File: images/speedup_zigzag_maxgraphcut.png Graphic file (type png)

<use images/speedup_zigzag_maxgraphcut.png>
Package pdftex.def Info: images/speedup_zigzag_maxgraphcut.png used on input li
ne 37.
(pdftex.def)             Requested size: 110.0pt x 82.4945pt.

Overfull \hbox (22.55283pt too wide) in paragraph at lines 37--38
[][] 
 []

<images/speedup_zigzag_setcover.png, id=461, 578.16pt x 433.62pt>
File: images/speedup_zigzag_setcover.png Graphic file (type png)

<use images/speedup_zigzag_setcover.png>
Package pdftex.def Info: images/speedup_zigzag_setcover.png used on input line 
42.
(pdftex.def)             Requested size: 110.0pt x 82.4945pt.

Overfull \hbox (22.55283pt too wide) in paragraph at lines 42--43
[][] 
 []


<images/diffFA_CF2G_bigsynthetic_maxgraphcut.png, id=462, 578.16pt x 433.62pt>
File: images/diffFA_CF2G_bigsynthetic_maxgraphcut.png Graphic file (type png)

<use images/diffFA_CF2G_bigsynthetic_maxgraphcut.png>
Package pdftex.def Info: images/diffFA_CF2G_bigsynthetic_maxgraphcut.png used o
n input line 47.
(pdftex.def)             Requested size: 110.0pt x 82.4945pt.

Overfull \hbox (22.55283pt too wide) in paragraph at lines 47--48
[][] 
 []

<images/diffFA_CF2G_bigsynthetic_setcover.png, id=463, 578.16pt x 433.62pt>
File: images/diffFA_CF2G_bigsynthetic_setcover.png Graphic file (type png)

<use images/diffFA_CF2G_bigsynthetic_setcover.png>
Package pdftex.def Info: images/diffFA_CF2G_bigsynthetic_setcover.png used on i
nput line 52.
(pdftex.def)             Requested size: 110.0pt x 82.4945pt.

Overfull \hbox (22.55283pt too wide) in paragraph at lines 52--53
[][] 
 []

<images/diffFA_CF2G_zigzag_maxgraphcut.png, id=464, 578.16pt x 433.62pt>
File: images/diffFA_CF2G_zigzag_maxgraphcut.png Graphic file (type png)

<use images/diffFA_CF2G_zigzag_maxgraphcut.png>
Package pdftex.def Info: images/diffFA_CF2G_zigzag_maxgraphcut.png used on inpu
t line 57.
(pdftex.def)             Requested size: 110.0pt x 82.4945pt.

Overfull \hbox (22.55283pt too wide) in paragraph at lines 57--58
[][] 
 []

<images/diffFA_CF2G_zigzag_setcover.png, id=465, 578.16pt x 433.62pt>
File: images/diffFA_CF2G_zigzag_setcover.png Graphic file (type png)

<use images/diffFA_CF2G_zigzag_setcover.png>
Package pdftex.def Info: images/diffFA_CF2G_zigzag_setcover.png used on input l
ine 62.
(pdftex.def)             Requested size: 110.0pt x 82.4945pt.

Overfull \hbox (22.55283pt too wide) in paragraph at lines 62--63
[][] 
 []


<images/validated_CC2G_bigsynthetic_maxgraphcut.png, id=466, 578.16pt x 433.62p
t>
File: images/validated_CC2G_bigsynthetic_maxgraphcut.png Graphic file (type png
)
 <use images/validated_CC2G_bigsynthetic_maxgraphcut.png>
Package pdftex.def Info: images/validated_CC2G_bigsynthetic_maxgraphcut.png use
d on input line 67.
(pdftex.def)             Requested size: 110.0pt x 82.4945pt.

Overfull \hbox (22.55283pt too wide) in paragraph at lines 67--68
[][] 
 []


<images/validated_CC2G_bigsynthetic_setcover.png, id=467, 578.16pt x 433.62pt>
File: images/validated_CC2G_bigsynthetic_setcover.png Graphic file (type png)

<use images/validated_CC2G_bigsynthetic_setcover.png>
Package pdftex.def Info: images/validated_CC2G_bigsynthetic_setcover.png used o
n input line 72.
(pdftex.def)             Requested size: 110.0pt x 82.4945pt.

Overfull \hbox (22.55283pt too wide) in paragraph at lines 72--73
[][] 
 []

<images/validated_CC2G_zigzag_maxgraphcut.png, id=468, 578.16pt x 433.62pt>
File: images/validated_CC2G_zigzag_maxgraphcut.png Graphic file (type png)

<use images/validated_CC2G_zigzag_maxgraphcut.png>
Package pdftex.def Info: images/validated_CC2G_zigzag_maxgraphcut.png used on i
nput line 77.
(pdftex.def)             Requested size: 110.0pt x 82.4945pt.

Overfull \hbox (22.55283pt too wide) in paragraph at lines 77--78
[][] 
 []

<images/validated_CC2G_zigzag_setcover.png, id=469, 578.16pt x 433.62pt>
File: images/validated_CC2G_zigzag_setcover.png Graphic file (type png)

<use images/validated_CC2G_zigzag_setcover.png>
Package pdftex.def Info: images/validated_CC2G_zigzag_setcover.png used on inpu
t line 82.
(pdftex.def)             Requested size: 110.0pt x 82.4945pt.

Overfull \hbox (22.55283pt too wide) in paragraph at lines 82--83
[][] 
 []

<images/runtime_friendster10M_setcover.png, id=470, 578.16pt x 433.62pt>
File: images/runtime_friendster10M_setcover.png Graphic file (type png)

<use images/runtime_friendster10M_setcover.png>
Package pdftex.def Info: images/runtime_friendster10M_setcover.png used on inpu
t line 95.
(pdftex.def)             Requested size: 110.0pt x 82.4945pt.

Overfull \hbox (22.55283pt too wide) in paragraph at lines 95--96
[][] 
 []

<images/runtime_arabic2005_setcover.png, id=471, 578.16pt x 433.62pt>
File: images/runtime_arabic2005_setcover.png Graphic file (type png)

<use images/runtime_arabic2005_setcover.png>
Package pdftex.def Info: images/runtime_arabic2005_setcover.png used on input l
ine 100.
(pdftex.def)             Requested size: 110.0pt x 82.4945pt.

Overfull \hbox (22.55283pt too wide) in paragraph at lines 100--101
[][] 
 []

<images/runtime_uk2005_setcover.png, id=472, 578.16pt x 433.62pt>
File: images/runtime_uk2005_setcover.png Graphic file (type png)

<use images/runtime_uk2005_setcover.png>
Package pdftex.def Info: images/runtime_uk2005_setcover.png used on input line 
105.
(pdftex.def)             Requested size: 110.0pt x 82.4945pt.

Overfull \hbox (22.55283pt too wide) in paragraph at lines 105--106
[][] 
 []

<images/runtime_it2004_setcover.png, id=473, 578.16pt x 433.62pt>
File: images/runtime_it2004_setcover.png Graphic file (type png)

<use images/runtime_it2004_setcover.png>
Package pdftex.def Info: images/runtime_it2004_setcover.png used on input line 
110.
(pdftex.def)             Requested size: 110.0pt x 82.4945pt.

Overfull \hbox (22.55283pt too wide) in paragraph at lines 110--111
[][] 
 []

<images/speedup_friendster10M_setcover.png, id=474, 578.16pt x 433.62pt>
File: images/speedup_friendster10M_setcover.png Graphic file (type png)

<use images/speedup_friendster10M_setcover.png>
Package pdftex.def Info: images/speedup_friendster10M_setcover.png used on inpu
t line 115.
(pdftex.def)             Requested size: 110.0pt x 82.4945pt.

Overfull \hbox (22.55283pt too wide) in paragraph at lines 115--116
[][] 
 []

<images/speedup_arabic2005_setcover.png, id=475, 578.16pt x 433.62pt>
File: images/speedup_arabic2005_setcover.png Graphic file (type png)

<use images/speedup_arabic2005_setcover.png>
Package pdftex.def Info: images/speedup_arabic2005_setcover.png used on input l
ine 120.
(pdftex.def)             Requested size: 110.0pt x 82.4945pt.

Overfull \hbox (22.55283pt too wide) in paragraph at lines 120--121
[][] 
 []

<images/speedup_uk2005_setcover.png, id=476, 578.16pt x 433.62pt>
File: images/speedup_uk2005_setcover.png Graphic file (type png)

<use images/speedup_uk2005_setcover.png>
Package pdftex.def Info: images/speedup_uk2005_setcover.png used on input line 
125.
(pdftex.def)             Requested size: 110.0pt x 82.4945pt.

Overfull \hbox (22.55283pt too wide) in paragraph at lines 125--126
[][] 
 []

<images/speedup_it2004_setcover.png, id=477, 578.16pt x 433.62pt>
File: images/speedup_it2004_setcover.png Graphic file (type png)

<use images/speedup_it2004_setcover.png>
Package pdftex.def Info: images/speedup_it2004_setcover.png used on input line 
130.
(pdftex.def)             Requested size: 110.0pt x 82.4945pt.

Overfull \hbox (22.55283pt too wide) in paragraph at lines 130--131
[][] 
 []

<images/diffFA_CF2G_friendster10M_setcover.png, id=478, 578.16pt x 433.62pt>
File: images/diffFA_CF2G_friendster10M_setcover.png Graphic file (type png)

<use images/diffFA_CF2G_friendster10M_setcover.png>
Package pdftex.def Info: images/diffFA_CF2G_friendster10M_setcover.png used on 
input line 135.
(pdftex.def)             Requested size: 110.0pt x 82.4945pt.

Overfull \hbox (22.55283pt too wide) in paragraph at lines 135--136
[][] 
 []

<images/diffFA_CF2G_arabic2005_setcover.png, id=479, 578.16pt x 433.62pt>
File: images/diffFA_CF2G_arabic2005_setcover.png Graphic file (type png)

<use images/diffFA_CF2G_arabic2005_setcover.png>
Package pdftex.def Info: images/diffFA_CF2G_arabic2005_setcover.png used on inp
ut line 140.
(pdftex.def)             Requested size: 110.0pt x 82.4945pt.

Overfull \hbox (22.55283pt too wide) in paragraph at lines 140--141
[][] 
 []

<images/diffFA_CF2G_uk2005_setcover.png, id=480, 578.16pt x 433.62pt>
File: images/diffFA_CF2G_uk2005_setcover.png Graphic file (type png)

<use images/diffFA_CF2G_uk2005_setcover.png>
Package pdftex.def Info: images/diffFA_CF2G_uk2005_setcover.png used on input l
ine 145.
(pdftex.def)             Requested size: 110.0pt x 82.4945pt.

Overfull \hbox (22.55283pt too wide) in paragraph at lines 145--146
[][] 
 []

<images/diffFA_CF2G_it2004_setcover.png, id=481, 578.16pt x 433.62pt>
File: images/diffFA_CF2G_it2004_setcover.png Graphic file (type png)

<use images/diffFA_CF2G_it2004_setcover.png>
Package pdftex.def Info: images/diffFA_CF2G_it2004_setcover.png used on input l
ine 150.
(pdftex.def)             Requested size: 110.0pt x 82.4945pt.

Overfull \hbox (22.55283pt too wide) in paragraph at lines 150--151
[][] 
 []


<images/validated_CC2G_friendster10M_setcover.png, id=482, 578.16pt x 433.62pt>
File: images/validated_CC2G_friendster10M_setcover.png Graphic file (type png)
<use images/validated_CC2G_friendster10M_setcover.png>
Package pdftex.def Info: images/validated_CC2G_friendster10M_setcover.png used 
on input line 155.
(pdftex.def)             Requested size: 110.0pt x 82.4945pt.

Overfull \hbox (22.55283pt too wide) in paragraph at lines 155--156
[][] 
 []

<images/validated_CC2G_arabic2005_setcover.png, id=483, 578.16pt x 433.62pt>
File: images/validated_CC2G_arabic2005_setcover.png Graphic file (type png)

<use images/validated_CC2G_arabic2005_setcover.png>
Package pdftex.def Info: images/validated_CC2G_arabic2005_setcover.png used on 
input line 160.
(pdftex.def)             Requested size: 110.0pt x 82.4945pt.

Overfull \hbox (22.55283pt too wide) in paragraph at lines 160--161
[][] 
 []

<images/validated_CC2G_uk2005_setcover.png, id=484, 578.16pt x 433.62pt>
File: images/validated_CC2G_uk2005_setcover.png Graphic file (type png)

<use images/validated_CC2G_uk2005_setcover.png>
Package pdftex.def Info: images/validated_CC2G_uk2005_setcover.png used on inpu
t line 165.
(pdftex.def)             Requested size: 110.0pt x 82.4945pt.

Overfull \hbox (22.55283pt too wide) in paragraph at lines 165--166
[][] 
 []

<images/validated_CC2G_it2004_setcover.png, id=485, 578.16pt x 433.62pt>
File: images/validated_CC2G_it2004_setcover.png Graphic file (type png)

<use images/validated_CC2G_it2004_setcover.png>
Package pdftex.def Info: images/validated_CC2G_it2004_setcover.png used on inpu
t line 170.
(pdftex.def)             Requested size: 110.0pt x 82.4945pt.

Overfull \hbox (22.55283pt too wide) in paragraph at lines 170--171
[][] 
 []

<images/runtime_friendster10M_maxgraphcut.png, id=486, 578.16pt x 433.62pt>
File: images/runtime_friendster10M_maxgraphcut.png Graphic file (type png)

<use images/runtime_friendster10M_maxgraphcut.png>
Package pdftex.def Info: images/runtime_friendster10M_maxgraphcut.png used on i
nput line 184.
(pdftex.def)             Requested size: 110.0pt x 82.4945pt.

Overfull \hbox (22.55283pt too wide) in paragraph at lines 184--185
[][] 
 []

<images/runtime_arabic2005_maxgraphcut.png, id=487, 578.16pt x 433.62pt>
File: images/runtime_arabic2005_maxgraphcut.png Graphic file (type png)

<use images/runtime_arabic2005_maxgraphcut.png>
Package pdftex.def Info: images/runtime_arabic2005_maxgraphcut.png used on inpu
t line 189.
(pdftex.def)             Requested size: 110.0pt x 82.4945pt.

Overfull \hbox (22.55283pt too wide) in paragraph at lines 189--190
[][] 
 []

<images/runtime_uk2005_maxgraphcut.png, id=488, 578.16pt x 433.62pt>
File: images/runtime_uk2005_maxgraphcut.png Graphic file (type png)

<use images/runtime_uk2005_maxgraphcut.png>
Package pdftex.def Info: images/runtime_uk2005_maxgraphcut.png used on input li
ne 194.
(pdftex.def)             Requested size: 110.0pt x 82.4945pt.

Overfull \hbox (22.55283pt too wide) in paragraph at lines 194--195
[][] 
 []

<images/runtime_it2004_maxgraphcut.png, id=489, 578.16pt x 433.62pt>
File: images/runtime_it2004_maxgraphcut.png Graphic file (type png)

<use images/runtime_it2004_maxgraphcut.png>
Package pdftex.def Info: images/runtime_it2004_maxgraphcut.png used on input li
ne 199.
(pdftex.def)             Requested size: 110.0pt x 82.4945pt.

Overfull \hbox (22.55283pt too wide) in paragraph at lines 199--200
[][] 
 []

<images/speedup_friendster10M_maxgraphcut.png, id=490, 578.16pt x 433.62pt>
File: images/speedup_friendster10M_maxgraphcut.png Graphic file (type png)

<use images/speedup_friendster10M_maxgraphcut.png>
Package pdftex.def Info: images/speedup_friendster10M_maxgraphcut.png used on i
nput line 204.
(pdftex.def)             Requested size: 110.0pt x 82.4945pt.

Overfull \hbox (22.55283pt too wide) in paragraph at lines 204--205
[][] 
 []

<images/speedup_arabic2005_maxgraphcut.png, id=491, 578.16pt x 433.62pt>
File: images/speedup_arabic2005_maxgraphcut.png Graphic file (type png)

<use images/speedup_arabic2005_maxgraphcut.png>
Package pdftex.def Info: images/speedup_arabic2005_maxgraphcut.png used on inpu
t line 209.
(pdftex.def)             Requested size: 110.0pt x 82.4945pt.

Overfull \hbox (22.55283pt too wide) in paragraph at lines 209--210
[][] 
 []

<images/speedup_uk2005_maxgraphcut.png, id=492, 578.16pt x 433.62pt>
File: images/speedup_uk2005_maxgraphcut.png Graphic file (type png)

<use images/speedup_uk2005_maxgraphcut.png>
Package pdftex.def Info: images/speedup_uk2005_maxgraphcut.png used on input li
ne 214.
(pdftex.def)             Requested size: 110.0pt x 82.4945pt.

Overfull \hbox (22.55283pt too wide) in paragraph at lines 214--215
[][] 
 []

<images/speedup_it2004_maxgraphcut.png, id=493, 578.16pt x 433.62pt>
File: images/speedup_it2004_maxgraphcut.png Graphic file (type png)

<use images/speedup_it2004_maxgraphcut.png>
Package pdftex.def Info: images/speedup_it2004_maxgraphcut.png used on input li
ne 219.
(pdftex.def)             Requested size: 110.0pt x 82.4945pt.

Overfull \hbox (22.55283pt too wide) in paragraph at lines 219--220
[][] 
 []


<images/diffFA_CF2G_friendster10M_maxgraphcut.png, id=494, 578.16pt x 433.62pt>
File: images/diffFA_CF2G_friendster10M_maxgraphcut.png Graphic file (type png)
<use images/diffFA_CF2G_friendster10M_maxgraphcut.png>
Package pdftex.def Info: images/diffFA_CF2G_friendster10M_maxgraphcut.png used 
on input line 224.
(pdftex.def)             Requested size: 110.0pt x 82.4945pt.

Overfull \hbox (22.55283pt too wide) in paragraph at lines 224--225
[][] 
 []

<images/diffFA_CF2G_arabic2005_maxgraphcut.png, id=495, 578.16pt x 433.62pt>
File: images/diffFA_CF2G_arabic2005_maxgraphcut.png Graphic file (type png)

<use images/diffFA_CF2G_arabic2005_maxgraphcut.png>
Package pdftex.def Info: images/diffFA_CF2G_arabic2005_maxgraphcut.png used on 
input line 229.
(pdftex.def)             Requested size: 110.0pt x 82.4945pt.

Overfull \hbox (22.55283pt too wide) in paragraph at lines 229--230
[][] 
 []

<images/diffFA_CF2G_uk2005_maxgraphcut.png, id=496, 578.16pt x 433.62pt>
File: images/diffFA_CF2G_uk2005_maxgraphcut.png Graphic file (type png)

<use images/diffFA_CF2G_uk2005_maxgraphcut.png>
Package pdftex.def Info: images/diffFA_CF2G_uk2005_maxgraphcut.png used on inpu
t line 234.
(pdftex.def)             Requested size: 110.0pt x 82.4945pt.

Overfull \hbox (22.55283pt too wide) in paragraph at lines 234--235
[][] 
 []

<images/diffFA_CF2G_it2004_maxgraphcut.png, id=497, 578.16pt x 433.62pt>
File: images/diffFA_CF2G_it2004_maxgraphcut.png Graphic file (type png)

<use images/diffFA_CF2G_it2004_maxgraphcut.png>
Package pdftex.def Info: images/diffFA_CF2G_it2004_maxgraphcut.png used on inpu
t line 239.
(pdftex.def)             Requested size: 110.0pt x 82.4945pt.

Overfull \hbox (22.55283pt too wide) in paragraph at lines 239--240
[][] 
 []


<images/validated_CC2G_friendster10M_maxgraphcut.png, id=498, 578.16pt x 433.62
pt>
File: images/validated_CC2G_friendster10M_maxgraphcut.png Graphic file (type pn
g)
 <use images/validated_CC2G_friendster10M_maxgraphcut.png>
Package pdftex.def Info: images/validated_CC2G_friendster10M_maxgraphcut.png us
ed on input line 244.
(pdftex.def)             Requested size: 110.0pt x 82.4945pt.

Overfull \hbox (22.55283pt too wide) in paragraph at lines 244--245
[][] 
 []


<images/validated_CC2G_arabic2005_maxgraphcut.png, id=499, 578.16pt x 433.62pt>
File: images/validated_CC2G_arabic2005_maxgraphcut.png Graphic file (type png)
<use images/validated_CC2G_arabic2005_maxgraphcut.png>
Package pdftex.def Info: images/validated_CC2G_arabic2005_maxgraphcut.png used 
on input line 249.
(pdftex.def)             Requested size: 110.0pt x 82.4945pt.

Overfull \hbox (22.55283pt too wide) in paragraph at lines 249--250
[][] 
 []

<images/validated_CC2G_uk2005_maxgraphcut.png, id=500, 578.16pt x 433.62pt>
File: images/validated_CC2G_uk2005_maxgraphcut.png Graphic file (type png)

<use images/validated_CC2G_uk2005_maxgraphcut.png>
Package pdftex.def Info: images/validated_CC2G_uk2005_maxgraphcut.png used on i
nput line 254.
(pdftex.def)             Requested size: 110.0pt x 82.4945pt.

Overfull \hbox (22.55283pt too wide) in paragraph at lines 254--255
[][] 
 []

<images/validated_CC2G_it2004_maxgraphcut.png, id=501, 578.16pt x 433.62pt>
File: images/validated_CC2G_it2004_maxgraphcut.png Graphic file (type png)

<use images/validated_CC2G_it2004_maxgraphcut.png>
Package pdftex.def Info: images/validated_CC2G_it2004_maxgraphcut.png used on i
nput line 259.
(pdftex.def)             Requested size: 110.0pt x 82.4945pt.

Overfull \hbox (22.55283pt too wide) in paragraph at lines 259--260
[][] 
 []

File: images/runtime_ring_setcover.png Graphic file (type png)
<use images/runtime_ring_setcover.png>
Package pdftex.def Info: images/runtime_ring_setcover.png used on input line 27
5.
(pdftex.def)             Requested size: 110.0pt x 82.4945pt.

Overfull \hbox (22.55283pt too wide) in paragraph at lines 275--276
[][] 
 []

File: images/speedup_ring_setcover.png Graphic file (type png)
<use images/speedup_ring_setcover.png>
Package pdftex.def Info: images/speedup_ring_setcover.png used on input line 28
0.
(pdftex.def)             Requested size: 110.0pt x 82.4945pt.

Overfull \hbox (22.55283pt too wide) in paragraph at lines 280--281
[][] 
 []

<images/diffFA_CF2G_ring_setcover.png, id=502, 578.16pt x 433.62pt>
File: images/diffFA_CF2G_ring_setcover.png Graphic file (type png)

<use images/diffFA_CF2G_ring_setcover.png>
Package pdftex.def Info: images/diffFA_CF2G_ring_setcover.png used on input lin
e 285.
(pdftex.def)             Requested size: 110.0pt x 82.4945pt.

Overfull \hbox (22.55283pt too wide) in paragraph at lines 285--286
[][] 
 []

<images/validated_CC2G_ring_setcover.png, id=503, 578.16pt x 433.62pt>
File: images/validated_CC2G_ring_setcover.png Graphic file (type png)

<use images/validated_CC2G_ring_setcover.png>
Package pdftex.def Info: images/validated_CC2G_ring_setcover.png used on input 
line 290.
(pdftex.def)             Requested size: 110.0pt x 82.4945pt.

Overfull \hbox (22.55283pt too wide) in paragraph at lines 290--291
[][] 
 []

<images/runtime_ring_maxgraphcut.png, id=504, 578.16pt x 433.62pt>
File: images/runtime_ring_maxgraphcut.png Graphic file (type png)

<use images/runtime_ring_maxgraphcut.png>
Package pdftex.def Info: images/runtime_ring_maxgraphcut.png used on input line
 295.
(pdftex.def)             Requested size: 110.0pt x 82.4945pt.

Overfull \hbox (22.55283pt too wide) in paragraph at lines 295--296
[][] 
 []

<images/speedup_ring_maxgraphcut.png, id=505, 578.16pt x 433.62pt>
File: images/speedup_ring_maxgraphcut.png Graphic file (type png)

<use images/speedup_ring_maxgraphcut.png>
Package pdftex.def Info: images/speedup_ring_maxgraphcut.png used on input line
 300.
(pdftex.def)             Requested size: 110.0pt x 82.4945pt.

Overfull \hbox (22.55283pt too wide) in paragraph at lines 300--301
[][] 
 []

<images/diffFA_CF2G_ring_maxgraphcut.png, id=506, 578.16pt x 433.62pt>
File: images/diffFA_CF2G_ring_maxgraphcut.png Graphic file (type png)

<use images/diffFA_CF2G_ring_maxgraphcut.png>
Package pdftex.def Info: images/diffFA_CF2G_ring_maxgraphcut.png used on input 
line 305.
(pdftex.def)             Requested size: 110.0pt x 82.4945pt.

Overfull \hbox (22.55283pt too wide) in paragraph at lines 305--306
[][] 
 []

<images/validated_CC2G_ring_maxgraphcut.png, id=507, 578.16pt x 433.62pt>
File: images/validated_CC2G_ring_maxgraphcut.png Graphic file (type png)

<use images/validated_CC2G_ring_maxgraphcut.png>
Package pdftex.def Info: images/validated_CC2G_ring_maxgraphcut.png used on inp
ut line 310.
(pdftex.def)             Requested size: 110.0pt x 82.4945pt.

Overfull \hbox (22.55283pt too wide) in paragraph at lines 310--311
[][] 
 []

pdfTeX warning (ext4): destination with the same identifier (name{section.5}) h
as been already used, duplicate ignored
<to be read again> 
                   \relax 
l.330 ...s, using partitioning with work stealing}
                                                  
<images_partition/runtime_erdosrenyi_maxgraphcut.png, id=508, 578.16pt x 433.62
pt>
File: images_partition/runtime_erdosrenyi_maxgraphcut.png Graphic file (type pn
g)
 <use images_partition/runtime_erdosrenyi_maxgraphcut.png>
Package pdftex.def Info: images_partition/runtime_erdosrenyi_maxgraphcut.png us
ed on input line 336.
(pdftex.def)             Requested size: 110.0pt x 82.4945pt.

Overfull \hbox (22.55283pt too wide) in paragraph at lines 336--337
[][] 
 []


<images_partition/runtime_erdosrenyi_setcover.png, id=509, 578.16pt x 433.62pt>
File: images_partition/runtime_erdosrenyi_setcover.png Graphic file (type png)
<use images_partition/runtime_erdosrenyi_setcover.png>
Package pdftex.def Info: images_partition/runtime_erdosrenyi_setcover.png used 
on input line 341.
(pdftex.def)             Requested size: 110.0pt x 82.4945pt.

Overfull \hbox (22.55283pt too wide) in paragraph at lines 341--342
[][] 
 []


<images_partition/runtime_zigzag_maxgraphcut.png, id=510, 578.16pt x 433.62pt>
File: images_partition/runtime_zigzag_maxgraphcut.png Graphic file (type png)

<use images_partition/runtime_zigzag_maxgraphcut.png>
Package pdftex.def Info: images_partition/runtime_zigzag_maxgraphcut.png used o
n input line 346.
(pdftex.def)             Requested size: 110.0pt x 82.4945pt.

Overfull \hbox (22.55283pt too wide) in paragraph at lines 346--347
[][] 
 []

<images_partition/runtime_zigzag_setcover.png, id=511, 578.16pt x 433.62pt>
File: images_partition/runtime_zigzag_setcover.png Graphic file (type png)

<use images_partition/runtime_zigzag_setcover.png>
Package pdftex.def Info: images_partition/runtime_zigzag_setcover.png used on i
nput line 351.
(pdftex.def)             Requested size: 110.0pt x 82.4945pt.

Overfull \hbox (22.55283pt too wide) in paragraph at lines 351--352
[][] 
 []


<images_partition/speedup_erdosrenyi_maxgraphcut.png, id=512, 578.16pt x 433.62
pt>
File: images_partition/speedup_erdosrenyi_maxgraphcut.png Graphic file (type pn
g)
 <use images_partition/speedup_erdosrenyi_maxgraphcut.png>
Package pdftex.def Info: images_partition/speedup_erdosrenyi_maxgraphcut.png us
ed on input line 356.
(pdftex.def)             Requested size: 110.0pt x 82.4945pt.

Overfull \hbox (22.55283pt too wide) in paragraph at lines 356--357
[][] 
 []


<images_partition/speedup_erdosrenyi_setcover.png, id=513, 578.16pt x 433.62pt>
File: images_partition/speedup_erdosrenyi_setcover.png Graphic file (type png)
<use images_partition/speedup_erdosrenyi_setcover.png>
Package pdftex.def Info: images_partition/speedup_erdosrenyi_setcover.png used 
on input line 361.
(pdftex.def)             Requested size: 110.0pt x 82.4945pt.

Overfull \hbox (22.55283pt too wide) in paragraph at lines 361--362
[][] 
 []


<images_partition/speedup_zigzag_maxgraphcut.png, id=514, 578.16pt x 433.62pt>
File: images_partition/speedup_zigzag_maxgraphcut.png Graphic file (type png)

<use images_partition/speedup_zigzag_maxgraphcut.png>
Package pdftex.def Info: images_partition/speedup_zigzag_maxgraphcut.png used o
n input line 366.
(pdftex.def)             Requested size: 110.0pt x 82.4945pt.

Overfull \hbox (22.55283pt too wide) in paragraph at lines 366--367
[][] 
 []

<images_partition/speedup_zigzag_setcover.png, id=515, 578.16pt x 433.62pt>
File: images_partition/speedup_zigzag_setcover.png Graphic file (type png)

<use images_partition/speedup_zigzag_setcover.png>
Package pdftex.def Info: images_partition/speedup_zigzag_setcover.png used on i
nput line 371.
(pdftex.def)             Requested size: 110.0pt x 82.4945pt.

Overfull \hbox (22.55283pt too wide) in paragraph at lines 371--372
[][] 
 []


<images_partition/diffFA_CF2G_erdosrenyi_maxgraphcut.png, id=516, 578.16pt x 43
3.62pt>
File: images_partition/diffFA_CF2G_erdosrenyi_maxgraphcut.png Graphic file (typ
e png)
 <use images_partition/diffFA_CF2G_erdosrenyi_maxgraphcut.png>
Package pdftex.def Info: images_partition/diffFA_CF2G_erdosrenyi_maxgraphcut.pn
g used on input line 376.
(pdftex.def)             Requested size: 110.0pt x 82.4945pt.

Overfull \hbox (22.55283pt too wide) in paragraph at lines 376--377
[][] 
 []


<images_partition/diffFA_CF2G_erdosrenyi_setcover.png, id=517, 578.16pt x 433.6
2pt>
File: images_partition/diffFA_CF2G_erdosrenyi_setcover.png Graphic file (type p
ng)
 <use images_partition/diffFA_CF2G_erdosrenyi_setcover.png>
Package pdftex.def Info: images_partition/diffFA_CF2G_erdosrenyi_setcover.png u
sed on input line 381.
(pdftex.def)             Requested size: 110.0pt x 82.4945pt.

Overfull \hbox (22.55283pt too wide) in paragraph at lines 381--382
[][] 
 []


<images_partition/diffFA_CF2G_zigzag_maxgraphcut.png, id=518, 578.16pt x 433.62
pt>
File: images_partition/diffFA_CF2G_zigzag_maxgraphcut.png Graphic file (type pn
g)
 <use images_partition/diffFA_CF2G_zigzag_maxgraphcut.png>
Package pdftex.def Info: images_partition/diffFA_CF2G_zigzag_maxgraphcut.png us
ed on input line 386.
(pdftex.def)             Requested size: 110.0pt x 82.4945pt.

Overfull \hbox (22.55283pt too wide) in paragraph at lines 386--387
[][] 
 []


<images_partition/diffFA_CF2G_zigzag_setcover.png, id=519, 578.16pt x 433.62pt>
File: images_partition/diffFA_CF2G_zigzag_setcover.png Graphic file (type png)
<use images_partition/diffFA_CF2G_zigzag_setcover.png>
Package pdftex.def Info: images_partition/diffFA_CF2G_zigzag_setcover.png used 
on input line 391.
(pdftex.def)             Requested size: 110.0pt x 82.4945pt.

Overfull \hbox (22.55283pt too wide) in paragraph at lines 391--392
[][] 
 []


<images_partition/validated_CC2G_erdosrenyi_maxgraphcut.png, id=520, 578.16pt x
 433.62pt>
File: images_partition/validated_CC2G_erdosrenyi_maxgraphcut.png Graphic file (
type png)
 <use images_partition/validated_CC2G_erdosrenyi_maxgraphcut.png>
Package pdftex.def Info: images_partition/validated_CC2G_erdosrenyi_maxgraphcut
.png used on input line 396.
(pdftex.def)             Requested size: 110.0pt x 82.4945pt.

Overfull \hbox (22.55283pt too wide) in paragraph at lines 396--397
[][] 
 []


<images_partition/validated_CC2G_erdosrenyi_setcover.png, id=521, 578.16pt x 43
3.62pt>
File: images_partition/validated_CC2G_erdosrenyi_setcover.png Graphic file (typ
e png)
 <use images_partition/validated_CC2G_erdosrenyi_setcover.png>
Package pdftex.def Info: images_partition/validated_CC2G_erdosrenyi_setcover.pn
g used on input line 401.
(pdftex.def)             Requested size: 110.0pt x 82.4945pt.

Overfull \hbox (22.55283pt too wide) in paragraph at lines 401--402
[][] 
 []


<images_partition/validated_CC2G_zigzag_maxgraphcut.png, id=522, 578.16pt x 433
.62pt>
File: images_partition/validated_CC2G_zigzag_maxgraphcut.png Graphic file (type
 png)
 <use images_partition/validated_CC2G_zigzag_maxgraphcut.png>
Package pdftex.def Info: images_partition/validated_CC2G_zigzag_maxgraphcut.png
 used on input line 406.
(pdftex.def)             Requested size: 110.0pt x 82.4945pt.

Overfull \hbox (22.55283pt too wide) in paragraph at lines 406--407
[][] 
 []


<images_partition/validated_CC2G_zigzag_setcover.png, id=523, 578.16pt x 433.62
pt>
File: images_partition/validated_CC2G_zigzag_setcover.png Graphic file (type pn
g)
 <use images_partition/validated_CC2G_zigzag_setcover.png>
Package pdftex.def Info: images_partition/validated_CC2G_zigzag_setcover.png us
ed on input line 411.
(pdftex.def)             Requested size: 110.0pt x 82.4945pt.

Overfull \hbox (22.55283pt too wide) in paragraph at lines 411--412
[][] 
 []


<images_partition/runtime_friendster_setcover.png, id=524, 578.16pt x 433.62pt>
File: images_partition/runtime_friendster_setcover.png Graphic file (type png)
<use images_partition/runtime_friendster_setcover.png>
Package pdftex.def Info: images_partition/runtime_friendster_setcover.png used 
on input line 424.
(pdftex.def)             Requested size: 110.0pt x 82.4945pt.

Overfull \hbox (22.55283pt too wide) in paragraph at lines 424--425
[][] 
 []


<images_partition/runtime_arabic2005_setcover.png, id=525, 578.16pt x 433.62pt>
File: images_partition/runtime_arabic2005_setcover.png Graphic file (type png)
<use images_partition/runtime_arabic2005_setcover.png>
Package pdftex.def Info: images_partition/runtime_arabic2005_setcover.png used 
on input line 429.
(pdftex.def)             Requested size: 110.0pt x 82.4945pt.

Overfull \hbox (22.55283pt too wide) in paragraph at lines 429--430
[][] 
 []

<images_partition/runtime_uk2005_setcover.png, id=526, 578.16pt x 433.62pt>
File: images_partition/runtime_uk2005_setcover.png Graphic file (type png)

<use images_partition/runtime_uk2005_setcover.png>
Package pdftex.def Info: images_partition/runtime_uk2005_setcover.png used on i
nput line 434.
(pdftex.def)             Requested size: 110.0pt x 82.4945pt.

Overfull \hbox (22.55283pt too wide) in paragraph at lines 434--435
[][] 
 []

<images_partition/runtime_it2004_setcover.png, id=527, 578.16pt x 433.62pt>
File: images_partition/runtime_it2004_setcover.png Graphic file (type png)

<use images_partition/runtime_it2004_setcover.png>
Package pdftex.def Info: images_partition/runtime_it2004_setcover.png used on i
nput line 439.
(pdftex.def)             Requested size: 110.0pt x 82.4945pt.

Overfull \hbox (22.55283pt too wide) in paragraph at lines 439--440
[][] 
 []


<images_partition/speedup_friendster_setcover.png, id=528, 578.16pt x 433.62pt>
File: images_partition/speedup_friendster_setcover.png Graphic file (type png)
<use images_partition/speedup_friendster_setcover.png>
Package pdftex.def Info: images_partition/speedup_friendster_setcover.png used 
on input line 444.
(pdftex.def)             Requested size: 110.0pt x 82.4945pt.

Overfull \hbox (22.55283pt too wide) in paragraph at lines 444--445
[][] 
 []


<images_partition/speedup_arabic2005_setcover.png, id=529, 578.16pt x 433.62pt>
File: images_partition/speedup_arabic2005_setcover.png Graphic file (type png)
<use images_partition/speedup_arabic2005_setcover.png>
Package pdftex.def Info: images_partition/speedup_arabic2005_setcover.png used 
on input line 449.
(pdftex.def)             Requested size: 110.0pt x 82.4945pt.

Overfull \hbox (22.55283pt too wide) in paragraph at lines 449--450
[][] 
 []

<images_partition/speedup_uk2005_setcover.png, id=530, 578.16pt x 433.62pt>
File: images_partition/speedup_uk2005_setcover.png Graphic file (type png)

<use images_partition/speedup_uk2005_setcover.png>
Package pdftex.def Info: images_partition/speedup_uk2005_setcover.png used on i
nput line 454.
(pdftex.def)             Requested size: 110.0pt x 82.4945pt.

Overfull \hbox (22.55283pt too wide) in paragraph at lines 454--455
[][] 
 []

<images_partition/speedup_it2004_setcover.png, id=531, 578.16pt x 433.62pt>
File: images_partition/speedup_it2004_setcover.png Graphic file (type png)

<use images_partition/speedup_it2004_setcover.png>
Package pdftex.def Info: images_partition/speedup_it2004_setcover.png used on i
nput line 459.
(pdftex.def)             Requested size: 110.0pt x 82.4945pt.

Overfull \hbox (22.55283pt too wide) in paragraph at lines 459--460
[][] 
 []


<images_partition/diffFA_CF2G_friendster_setcover.png, id=532, 578.16pt x 433.6
2pt>
File: images_partition/diffFA_CF2G_friendster_setcover.png Graphic file (type p
ng)
 <use images_partition/diffFA_CF2G_friendster_setcover.png>
Package pdftex.def Info: images_partition/diffFA_CF2G_friendster_setcover.png u
sed on input line 464.
(pdftex.def)             Requested size: 110.0pt x 82.4945pt.

Overfull \hbox (22.55283pt too wide) in paragraph at lines 464--465
[][] 
 []


<images_partition/diffFA_CF2G_arabic2005_setcover.png, id=533, 578.16pt x 433.6
2pt>
File: images_partition/diffFA_CF2G_arabic2005_setcover.png Graphic file (type p
ng)
 <use images_partition/diffFA_CF2G_arabic2005_setcover.png>
Package pdftex.def Info: images_partition/diffFA_CF2G_arabic2005_setcover.png u
sed on input line 469.
(pdftex.def)             Requested size: 110.0pt x 82.4945pt.

Overfull \hbox (22.55283pt too wide) in paragraph at lines 469--470
[][] 
 []


<images_partition/diffFA_CF2G_uk2005_setcover.png, id=534, 578.16pt x 433.62pt>
File: images_partition/diffFA_CF2G_uk2005_setcover.png Graphic file (type png)
<use images_partition/diffFA_CF2G_uk2005_setcover.png>
Package pdftex.def Info: images_partition/diffFA_CF2G_uk2005_setcover.png used 
on input line 474.
(pdftex.def)             Requested size: 110.0pt x 82.4945pt.

Overfull \hbox (22.55283pt too wide) in paragraph at lines 474--475
[][] 
 []


<images_partition/diffFA_CF2G_it2004_setcover.png, id=535, 578.16pt x 433.62pt>
File: images_partition/diffFA_CF2G_it2004_setcover.png Graphic file (type png)
<use images_partition/diffFA_CF2G_it2004_setcover.png>
Package pdftex.def Info: images_partition/diffFA_CF2G_it2004_setcover.png used 
on input line 479.
(pdftex.def)             Requested size: 110.0pt x 82.4945pt.

Overfull \hbox (22.55283pt too wide) in paragraph at lines 479--480
[][] 
 []


<images_partition/validated_CC2G_friendster_setcover.png, id=536, 578.16pt x 43
3.62pt>
File: images_partition/validated_CC2G_friendster_setcover.png Graphic file (typ
e png)
 <use images_partition/validated_CC2G_friendster_setcover.png>
Package pdftex.def Info: images_partition/validated_CC2G_friendster_setcover.pn
g used on input line 484.
(pdftex.def)             Requested size: 110.0pt x 82.4945pt.

Overfull \hbox (22.55283pt too wide) in paragraph at lines 484--485
[][] 
 []


<images_partition/validated_CC2G_arabic2005_setcover.png, id=537, 578.16pt x 43
3.62pt>
File: images_partition/validated_CC2G_arabic2005_setcover.png Graphic file (typ
e png)
 <use images_partition/validated_CC2G_arabic2005_setcover.png>
Package pdftex.def Info: images_partition/validated_CC2G_arabic2005_setcover.pn
g used on input line 489.
(pdftex.def)             Requested size: 110.0pt x 82.4945pt.

Overfull \hbox (22.55283pt too wide) in paragraph at lines 489--490
[][] 
 []


<images_partition/validated_CC2G_uk2005_setcover.png, id=538, 578.16pt x 433.62
pt>
File: images_partition/validated_CC2G_uk2005_setcover.png Graphic file (type pn
g)
 <use images_partition/validated_CC2G_uk2005_setcover.png>
Package pdftex.def Info: images_partition/validated_CC2G_uk2005_setcover.png us
ed on input line 494.
(pdftex.def)             Requested size: 110.0pt x 82.4945pt.

Overfull \hbox (22.55283pt too wide) in paragraph at lines 494--495
[][] 
 []


<images_partition/validated_CC2G_it2004_setcover.png, id=539, 578.16pt x 433.62
pt>
File: images_partition/validated_CC2G_it2004_setcover.png Graphic file (type pn
g)
 <use images_partition/validated_CC2G_it2004_setcover.png>
Package pdftex.def Info: images_partition/validated_CC2G_it2004_setcover.png us
ed on input line 499.
(pdftex.def)             Requested size: 110.0pt x 82.4945pt.

Overfull \hbox (22.55283pt too wide) in paragraph at lines 499--500
[][] 
 []


<images_partition/runtime_friendster_maxgraphcut.png, id=540, 578.16pt x 433.62
pt>
File: images_partition/runtime_friendster_maxgraphcut.png Graphic file (type pn
g)
 <use images_partition/runtime_friendster_maxgraphcut.png>
Package pdftex.def Info: images_partition/runtime_friendster_maxgraphcut.png us
ed on input line 513.
(pdftex.def)             Requested size: 110.0pt x 82.4945pt.

Overfull \hbox (22.55283pt too wide) in paragraph at lines 513--514
[][] 
 []


<images_partition/runtime_arabic2005_maxgraphcut.png, id=541, 578.16pt x 433.62
pt>
File: images_partition/runtime_arabic2005_maxgraphcut.png Graphic file (type pn
g)
 <use images_partition/runtime_arabic2005_maxgraphcut.png>
Package pdftex.def Info: images_partition/runtime_arabic2005_maxgraphcut.png us
ed on input line 518.
(pdftex.def)             Requested size: 110.0pt x 82.4945pt.

Overfull \hbox (22.55283pt too wide) in paragraph at lines 518--519
[][] 
 []


<images_partition/runtime_uk2005_maxgraphcut.png, id=542, 578.16pt x 433.62pt>
File: images_partition/runtime_uk2005_maxgraphcut.png Graphic file (type png)

<use images_partition/runtime_uk2005_maxgraphcut.png>
Package pdftex.def Info: images_partition/runtime_uk2005_maxgraphcut.png used o
n input line 523.
(pdftex.def)             Requested size: 110.0pt x 82.4945pt.

Overfull \hbox (22.55283pt too wide) in paragraph at lines 523--524
[][] 
 []


<images_partition/runtime_it2004_maxgraphcut.png, id=543, 578.16pt x 433.62pt>
File: images_partition/runtime_it2004_maxgraphcut.png Graphic file (type png)

<use images_partition/runtime_it2004_maxgraphcut.png>
Package pdftex.def Info: images_partition/runtime_it2004_maxgraphcut.png used o
n input line 528.
(pdftex.def)             Requested size: 110.0pt x 82.4945pt.

Overfull \hbox (22.55283pt too wide) in paragraph at lines 528--529
[][] 
 []


<images_partition/speedup_friendster_maxgraphcut.png, id=544, 578.16pt x 433.62
pt>
File: images_partition/speedup_friendster_maxgraphcut.png Graphic file (type pn
g)
 <use images_partition/speedup_friendster_maxgraphcut.png>
Package pdftex.def Info: images_partition/speedup_friendster_maxgraphcut.png us
ed on input line 533.
(pdftex.def)             Requested size: 110.0pt x 82.4945pt.

Overfull \hbox (22.55283pt too wide) in paragraph at lines 533--534
[][] 
 []


<images_partition/speedup_arabic2005_maxgraphcut.png, id=545, 578.16pt x 433.62
pt>
File: images_partition/speedup_arabic2005_maxgraphcut.png Graphic file (type pn
g)
 <use images_partition/speedup_arabic2005_maxgraphcut.png>
Package pdftex.def Info: images_partition/speedup_arabic2005_maxgraphcut.png us
ed on input line 538.
(pdftex.def)             Requested size: 110.0pt x 82.4945pt.

Overfull \hbox (22.55283pt too wide) in paragraph at lines 538--539
[][] 
 []


<images_partition/speedup_uk2005_maxgraphcut.png, id=546, 578.16pt x 433.62pt>
File: images_partition/speedup_uk2005_maxgraphcut.png Graphic file (type png)

<use images_partition/speedup_uk2005_maxgraphcut.png>
Package pdftex.def Info: images_partition/speedup_uk2005_maxgraphcut.png used o
n input line 543.
(pdftex.def)             Requested size: 110.0pt x 82.4945pt.

Overfull \hbox (22.55283pt too wide) in paragraph at lines 543--544
[][] 
 []


<images_partition/speedup_it2004_maxgraphcut.png, id=547, 578.16pt x 433.62pt>
File: images_partition/speedup_it2004_maxgraphcut.png Graphic file (type png)

<use images_partition/speedup_it2004_maxgraphcut.png>
Package pdftex.def Info: images_partition/speedup_it2004_maxgraphcut.png used o
n input line 548.
(pdftex.def)             Requested size: 110.0pt x 82.4945pt.

Overfull \hbox (22.55283pt too wide) in paragraph at lines 548--549
[][] 
 []


<images_partition/diffFA_CF2G_friendster_maxgraphcut.png, id=548, 578.16pt x 43
3.62pt>
File: images_partition/diffFA_CF2G_friendster_maxgraphcut.png Graphic file (typ
e png)
 <use images_partition/diffFA_CF2G_friendster_maxgraphcut.png>
Package pdftex.def Info: images_partition/diffFA_CF2G_friendster_maxgraphcut.pn
g used on input line 553.
(pdftex.def)             Requested size: 110.0pt x 82.4945pt.

Overfull \hbox (22.55283pt too wide) in paragraph at lines 553--554
[][] 
 []


<images_partition/diffFA_CF2G_arabic2005_maxgraphcut.png, id=549, 578.16pt x 43
3.62pt>
File: images_partition/diffFA_CF2G_arabic2005_maxgraphcut.png Graphic file (typ
e png)
 <use images_partition/diffFA_CF2G_arabic2005_maxgraphcut.png>
Package pdftex.def Info: images_partition/diffFA_CF2G_arabic2005_maxgraphcut.pn
g used on input line 558.
(pdftex.def)             Requested size: 110.0pt x 82.4945pt.

Overfull \hbox (22.55283pt too wide) in paragraph at lines 558--559
[][] 
 []


<images_partition/diffFA_CF2G_uk2005_maxgraphcut.png, id=550, 578.16pt x 433.62
pt>
File: images_partition/diffFA_CF2G_uk2005_maxgraphcut.png Graphic file (type pn
g)
 <use images_partition/diffFA_CF2G_uk2005_maxgraphcut.png>
Package pdftex.def Info: images_partition/diffFA_CF2G_uk2005_maxgraphcut.png us
ed on input line 563.
(pdftex.def)             Requested size: 110.0pt x 82.4945pt.

Overfull \hbox (22.55283pt too wide) in paragraph at lines 563--564
[][] 
 []


<images_partition/diffFA_CF2G_it2004_maxgraphcut.png, id=551, 578.16pt x 433.62
pt>
File: images_partition/diffFA_CF2G_it2004_maxgraphcut.png Graphic file (type pn
g)
 <use images_partition/diffFA_CF2G_it2004_maxgraphcut.png>
Package pdftex.def Info: images_partition/diffFA_CF2G_it2004_maxgraphcut.png us
ed on input line 568.
(pdftex.def)             Requested size: 110.0pt x 82.4945pt.

Overfull \hbox (22.55283pt too wide) in paragraph at lines 568--569
[][] 
 []


<images_partition/validated_CC2G_friendster_maxgraphcut.png, id=552, 578.16pt x
 433.62pt>
File: images_partition/validated_CC2G_friendster_maxgraphcut.png Graphic file (
type png)
 <use images_partition/validated_CC2G_friendster_maxgraphcut.png>
Package pdftex.def Info: images_partition/validated_CC2G_friendster_maxgraphcut
.png used on input line 573.
(pdftex.def)             Requested size: 110.0pt x 82.4945pt.

Overfull \hbox (22.55283pt too wide) in paragraph at lines 573--574
[][] 
 []


<images_partition/validated_CC2G_arabic2005_maxgraphcut.png, id=553, 578.16pt x
 433.62pt>
File: images_partition/validated_CC2G_arabic2005_maxgraphcut.png Graphic file (
type png)
 <use images_partition/validated_CC2G_arabic2005_maxgraphcut.png>
Package pdftex.def Info: images_partition/validated_CC2G_arabic2005_maxgraphcut
.png used on input line 578.
(pdftex.def)             Requested size: 110.0pt x 82.4945pt.

Overfull \hbox (22.55283pt too wide) in paragraph at lines 578--579
[][] 
 []


<images_partition/validated_CC2G_uk2005_maxgraphcut.png, id=554, 578.16pt x 433
.62pt>
File: images_partition/validated_CC2G_uk2005_maxgraphcut.png Graphic file (type
 png)
 <use images_partition/validated_CC2G_uk2005_maxgraphcut.png>
Package pdftex.def Info: images_partition/validated_CC2G_uk2005_maxgraphcut.png
 used on input line 583.
(pdftex.def)             Requested size: 110.0pt x 82.4945pt.

Overfull \hbox (22.55283pt too wide) in paragraph at lines 583--584
[][] 
 []


<images_partition/validated_CC2G_it2004_maxgraphcut.png, id=555, 578.16pt x 433
.62pt>
File: images_partition/validated_CC2G_it2004_maxgraphcut.png Graphic file (type
 png)
 <use images_partition/validated_CC2G_it2004_maxgraphcut.png>
Package pdftex.def Info: images_partition/validated_CC2G_it2004_maxgraphcut.png
 used on input line 588.
(pdftex.def)             Requested size: 110.0pt x 82.4945pt.

Overfull \hbox (22.55283pt too wide) in paragraph at lines 588--589
[][] 
 []

<images_partition/runtime_ring_setcover.png, id=556, 578.16pt x 433.62pt>
File: images_partition/runtime_ring_setcover.png Graphic file (type png)

<use images_partition/runtime_ring_setcover.png>
Package pdftex.def Info: images_partition/runtime_ring_setcover.png used on inp
ut line 604.
(pdftex.def)             Requested size: 110.0pt x 82.4945pt.

Overfull \hbox (22.55283pt too wide) in paragraph at lines 604--605
[][] 
 []

<images_partition/speedup_ring_setcover.png, id=557, 578.16pt x 433.62pt>
File: images_partition/speedup_ring_setcover.png Graphic file (type png)

<use images_partition/speedup_ring_setcover.png>
Package pdftex.def Info: images_partition/speedup_ring_setcover.png used on inp
ut line 609.
(pdftex.def)             Requested size: 110.0pt x 82.4945pt.

Overfull \hbox (22.55283pt too wide) in paragraph at lines 609--610
[][] 
 []

<images_partition/diffFA_CF2G_ring_setcover.png, id=558, 578.16pt x 433.62pt>
File: images_partition/diffFA_CF2G_ring_setcover.png Graphic file (type png)

<use images_partition/diffFA_CF2G_ring_setcover.png>
Package pdftex.def Info: images_partition/diffFA_CF2G_ring_setcover.png used on
 input line 614.
(pdftex.def)             Requested size: 110.0pt x 82.4945pt.

Overfull \hbox (22.55283pt too wide) in paragraph at lines 614--615
[][] 
 []


<images_partition/validated_CC2G_ring_setcover.png, id=559, 578.16pt x 433.62pt
>
File: images_partition/validated_CC2G_ring_setcover.png Graphic file (type png)

 <use images_partition/validated_CC2G_ring_setcover.png>
Package pdftex.def Info: images_partition/validated_CC2G_ring_setcover.png used
 on input line 619.
(pdftex.def)             Requested size: 110.0pt x 82.4945pt.

Overfull \hbox (22.55283pt too wide) in paragraph at lines 619--620
[][] 
 []

<images_partition/runtime_ring_maxgraphcut.png, id=560, 578.16pt x 433.62pt>
File: images_partition/runtime_ring_maxgraphcut.png Graphic file (type png)

<use images_partition/runtime_ring_maxgraphcut.png>
Package pdftex.def Info: images_partition/runtime_ring_maxgraphcut.png used on 
input line 624.
(pdftex.def)             Requested size: 110.0pt x 82.4945pt.

Overfull \hbox (22.55283pt too wide) in paragraph at lines 624--625
[][] 
 []

<images_partition/speedup_ring_maxgraphcut.png, id=561, 578.16pt x 433.62pt>
File: images_partition/speedup_ring_maxgraphcut.png Graphic file (type png)

<use images_partition/speedup_ring_maxgraphcut.png>
Package pdftex.def Info: images_partition/speedup_ring_maxgraphcut.png used on 
input line 629.
(pdftex.def)             Requested size: 110.0pt x 82.4945pt.

Overfull \hbox (22.55283pt too wide) in paragraph at lines 629--630
[][] 
 []


<images_partition/diffFA_CF2G_ring_maxgraphcut.png, id=562, 578.16pt x 433.62pt
>
File: images_partition/diffFA_CF2G_ring_maxgraphcut.png Graphic file (type png)

 <use images_partition/diffFA_CF2G_ring_maxgraphcut.png>
Package pdftex.def Info: images_partition/diffFA_CF2G_ring_maxgraphcut.png used
 on input line 634.
(pdftex.def)             Requested size: 110.0pt x 82.4945pt.

Overfull \hbox (22.55283pt too wide) in paragraph at lines 634--635
[][] 
 []


<images_partition/validated_CC2G_ring_maxgraphcut.png, id=563, 578.16pt x 433.6
2pt>
File: images_partition/validated_CC2G_ring_maxgraphcut.png Graphic file (type p
ng)
 <use images_partition/validated_CC2G_ring_maxgraphcut.png>
Package pdftex.def Info: images_partition/validated_CC2G_ring_maxgraphcut.png u
sed on input line 639.
(pdftex.def)             Requested size: 110.0pt x 82.4945pt.

Overfull \hbox (22.55283pt too wide) in paragraph at lines 639--640
[][] 
 []

)
Package atveryend Info: Empty hook `BeforeClearDocument' on input line 1050.
 [20 <./images/runtime_bigsynthetic_maxgraphcut.png (PNG copy)> <./images/runti
me_bigsynthetic_setcover.png (PNG copy)> <./images/runtime_zigzag_maxgraphcut.p
ng (PNG copy)> <./images/runtime_zigzag_setcover.png (PNG copy)> <./images/spee
dup_bigsynthetic_maxgraphcut.png (PNG copy)> <./images/speedup_bigsynthetic_set
cover.png (PNG copy)> <./images/speedup_zigzag_maxgraphcut.png (PNG copy)> <./i
mages/speedup_zigzag_setcover.png (PNG copy)> <./images/diffFA_CF2G_bigsyntheti
c_maxgraphcut.png (PNG copy)> <./images/diffFA_CF2G_bigsynthetic_setcover.png (
PNG copy)> <./images/diffFA_CF2G_zigzag_maxgraphcut.png (PNG copy)> <./images/d
iffFA_CF2G_zigzag_setcover.png (PNG copy)> <./images/validated_CC2G_bigsyntheti
c_maxgraphcut.png (PNG copy)> <./images/validated_CC2G_bigsynthetic_setcover.pn
g (PNG copy)> <./images/validated_CC2G_zigzag_maxgraphcut.png (PNG copy)> <./im
ages/validated_CC2G_zigzag_setcover.png (PNG copy)>] [21 <./images/runtime_frie
ndster10M_setcover.png (PNG copy)> <./images/runtime_arabic2005_setcover.png (P
NG copy)> <./images/runtime_uk2005_setcover.png (PNG copy)> <./images/runtime_i
t2004_setcover.png (PNG copy)> <./images/speedup_friendster10M_setcover.png (PN
G copy)> <./images/speedup_arabic2005_setcover.png (PNG copy)> <./images/speedu
p_uk2005_setcover.png (PNG copy)> <./images/speedup_it2004_setcover.png (PNG co
py)> <./images/diffFA_CF2G_friendster10M_setcover.png (PNG copy)> <./images/dif
fFA_CF2G_arabic2005_setcover.png (PNG copy)> <./images/diffFA_CF2G_uk2005_setco
ver.png (PNG copy)> <./images/diffFA_CF2G_it2004_setcover.png (PNG copy)> <./im
ages/validated_CC2G_friendster10M_setcover.png (PNG copy)> <./images/validated_
CC2G_arabic2005_setcover.png (PNG copy)> <./images/validated_CC2G_uk2005_setcov
er.png (PNG copy)> <./images/validated_CC2G_it2004_setcover.png (PNG copy)>]
[22 <./images/runtime_friendster10M_maxgraphcut.png (PNG copy)> <./images/runti
me_arabic2005_maxgraphcut.png (PNG copy)> <./images/runtime_uk2005_maxgraphcut.
png (PNG copy)> <./images/runtime_it2004_maxgraphcut.png (PNG copy)> <./images/
speedup_friendster10M_maxgraphcut.png (PNG copy)> <./images/speedup_arabic2005_
maxgraphcut.png (PNG copy)> <./images/speedup_uk2005_maxgraphcut.png (PNG copy)
> <./images/speedup_it2004_maxgraphcut.png (PNG copy)> <./images/diffFA_CF2G_fr
iendster10M_maxgraphcut.png (PNG copy)> <./images/diffFA_CF2G_arabic2005_maxgra
phcut.png (PNG copy)> <./images/diffFA_CF2G_uk2005_maxgraphcut.png (PNG copy)> 
<./images/diffFA_CF2G_it2004_maxgraphcut.png (PNG copy)> <./images/validated_CC
2G_friendster10M_maxgraphcut.png (PNG copy)> <./images/validated_CC2G_arabic200
5_maxgraphcut.png (PNG copy)> <./images/validated_CC2G_uk2005_maxgraphcut.png (
PNG copy)> <./images/validated_CC2G_it2004_maxgraphcut.png (PNG copy)>]
[23 <./images/diffFA_CF2G_ring_setcover.png (PNG copy)> <./images/validated_CC2
G_ring_setcover.png (PNG copy)> <./images/runtime_ring_maxgraphcut.png (PNG cop
y)> <./images/speedup_ring_maxgraphcut.png (PNG copy)> <./images/diffFA_CF2G_ri
ng_maxgraphcut.png (PNG copy)> <./images/validated_CC2G_ring_maxgraphcut.png (P
NG copy)>] [24 <./images_partition/runtime_erdosrenyi_maxgraphcut.png (PNG copy
)> <./images_partition/runtime_erdosrenyi_setcover.png (PNG copy)> <./images_pa
rtition/runtime_zigzag_maxgraphcut.png (PNG copy)> <./images_partition/runtime_
zigzag_setcover.png (PNG copy)> <./images_partition/speedup_erdosrenyi_maxgraph
cut.png (PNG copy)> <./images_partition/speedup_erdosrenyi_setcover.png (PNG co
py)> <./images_partition/speedup_zigzag_maxgraphcut.png (PNG copy)> <./images_p
artition/speedup_zigzag_setcover.png (PNG copy)> <./images_partition/diffFA_CF2
G_erdosrenyi_maxgraphcut.png (PNG copy)> <./images_partition/diffFA_CF2G_erdosr
enyi_setcover.png (PNG copy)> <./images_partition/diffFA_CF2G_zigzag_maxgraphcu
t.png (PNG copy)> <./images_partition/diffFA_CF2G_zigzag_setcover.png (PNG copy
)> <./images_partition/validated_CC2G_erdosrenyi_maxgraphcut.png (PNG copy)> <.
/images_partition/validated_CC2G_erdosrenyi_setcover.png (PNG copy)> <./images_
partition/validated_CC2G_zigzag_maxgraphcut.png (PNG copy)> <./images_partition
/validated_CC2G_zigzag_setcover.png (PNG copy)>] [25 <./images_partition/runtim
e_friendster_setcover.png (PNG copy)> <./images_partition/runtime_arabic2005_se
tcover.png (PNG copy)> <./images_partition/runtime_uk2005_setcover.png (PNG cop
y)> <./images_partition/runtime_it2004_setcover.png (PNG copy)> <./images_parti
tion/speedup_friendster_setcover.png (PNG copy)> <./images_partition/speedup_ar
abic2005_setcover.png (PNG copy)> <./images_partition/speedup_uk2005_setcover.p
ng (PNG copy)> <./images_partition/speedup_it2004_setcover.png (PNG copy)> <./i
mages_partition/diffFA_CF2G_friendster_setcover.png (PNG copy)> <./images_parti
tion/diffFA_CF2G_arabic2005_setcover.png (PNG copy)> <./images_partition/diffFA
_CF2G_uk2005_setcover.png (PNG copy)> <./images_partition/diffFA_CF2G_it2004_se
tcover.png (PNG copy)> <./images_partition/validated_CC2G_friendster_setcover.p
ng (PNG copy)> <./images_partition/validated_CC2G_arabic2005_setcover.png (PNG 
copy)> <./images_partition/validated_CC2G_uk2005_setcover.png (PNG copy)> <./im
ages_partition/validated_CC2G_it2004_setcover.png (PNG copy)>] [26 <./images_pa
rtition/runtime_friendster_maxgraphcut.png (PNG copy)> <./images_partition/runt
ime_arabic2005_maxgraphcut.png (PNG copy)> <./images_partition/runtime_uk2005_m
axgraphcut.png (PNG copy)> <./images_partition/runtime_it2004_maxgraphcut.png (
PNG copy)> <./images_partition/speedup_friendster_maxgraphcut.png (PNG copy)> <
./images_partition/speedup_arabic2005_maxgraphcut.png (PNG copy)> <./images_par
tition/speedup_uk2005_maxgraphcut.png (PNG copy)> <./images_partition/speedup_i
t2004_maxgraphcut.png (PNG copy)> <./images_partition/diffFA_CF2G_friendster_ma
xgraphcut.png (PNG copy)> <./images_partition/diffFA_CF2G_arabic2005_maxgraphcu
t.png (PNG copy)> <./images_partition/diffFA_CF2G_uk2005_maxgraphcut.png (PNG c
opy)> <./images_partition/diffFA_CF2G_it2004_maxgraphcut.png (PNG copy)> <./ima
ges_partition/validated_CC2G_friendster_maxgraphcut.png (PNG copy)> <./images_p
artition/validated_CC2G_arabic2005_maxgraphcut.png (PNG copy)> <./images_partit
ion/validated_CC2G_uk2005_maxgraphcut.png (PNG copy)> <./images_partition/valid
ated_CC2G_it2004_maxgraphcut.png (PNG copy)>] [27 <./images_partition/runtime_r
ing_setcover.png (PNG copy)> <./images_partition/speedup_ring_setcover.png (PNG
 copy)> <./images_partition/diffFA_CF2G_ring_setcover.png (PNG copy)> <./images
_partition/validated_CC2G_ring_setcover.png (PNG copy)> <./images_partition/run
time_ring_maxgraphcut.png (PNG copy)> <./images_partition/speedup_ring_maxgraph
cut.png (PNG copy)> <./images_partition/diffFA_CF2G_ring_maxgraphcut.png (PNG c
opy)> <./images_partition/validated_CC2G_ring_maxgraphcut.png (PNG copy)>]
Package atveryend Info: Empty hook `AfterLastShipout' on input line 1050.

(./parallel_submodular.aux)
Package atveryend Info: Executing hook `AtVeryEndDocument' on input line 1050.
Package atveryend Info: Executing hook `AtEndAfterFileList' on input line 1050.



Package rerunfilecheck Warning: File `parallel_submodular.out' has changed.
(rerunfilecheck)                Rerun to get outlines right
(rerunfilecheck)                or use package `bookmark'.

Package rerunfilecheck Info: Checksums for `parallel_submodular.out':
(rerunfilecheck)             Before: BD85FF21805D218FDA6E829883712A8D;1904
(rerunfilecheck)             After:  561DF8F2BAA5E189CFF7936A0F083CCE;1845.

LaTeX Warning: There were multiply-defined labels.

Package atveryend Info: Empty hook `AtVeryVeryEnd' on input line 1050.
 ) 
Here is how much of TeX's memory you used:
 13542 strings out of 493488
 223940 string characters out of 3141326
 416746 words of memory out of 3000000
 16228 multiletter control sequences out of 15000+200000
 41755 words of font info for 181 fonts, out of 3000000 for 9000
 957 hyphenation exceptions out of 8191
 37i,23n,39p,899b,774s stack positions out of 5000i,500n,10000p,200000b,50000s
{/usr/local/texlive/2012/texmf-dist/fonts/enc/dvips/base/8r.enc}</usr/local/t
exlive/2012/texmf-dist/fonts/type1/public/amsfonts/cm/cmex10.pfb></usr/local/te
xlive/2012/texmf-dist/fonts/type1/public/amsfonts/cmextra/cmex9.pfb></usr/local
/texlive/2012/texmf-dist/fonts/type1/public/amsfonts/cm/cmmi10.pfb></usr/local/
texlive/2012/texmf-dist/fonts/type1/public/amsfonts/cm/cmmi5.pfb></usr/local/te
xlive/2012/texmf-dist/fonts/type1/public/amsfonts/cm/cmmi6.pfb></usr/local/texl
ive/2012/texmf-dist/fonts/type1/public/amsfonts/cm/cmmi7.pfb></usr/local/texliv
e/2012/texmf-dist/fonts/type1/public/amsfonts/cm/cmmi9.pfb></usr/local/texlive/
2012/texmf-dist/fonts/type1/public/amsfonts/cm/cmr10.pfb></usr/local/texlive/20
12/texmf-dist/fonts/type1/public/amsfonts/cm/cmr5.pfb></usr/local/texlive/2012/
texmf-dist/fonts/type1/public/amsfonts/cm/cmr6.pfb></usr/local/texlive/2012/tex
mf-dist/fonts/type1/public/amsfonts/cm/cmr7.pfb></usr/local/texlive/2012/texmf-
dist/fonts/type1/public/amsfonts/cm/cmr9.pfb></usr/local/texlive/2012/texmf-dis
t/fonts/type1/public/amsfonts/cm/cmsy10.pfb></usr/local/texlive/2012/texmf-dist
/fonts/type1/public/amsfonts/cm/cmsy5.pfb></usr/local/texlive/2012/texmf-dist/f
onts/type1/public/amsfonts/cm/cmsy6.pfb></usr/local/texlive/2012/texmf-dist/fon
ts/type1/public/amsfonts/cm/cmsy7.pfb></usr/local/texlive/2012/texmf-dist/fonts
/type1/public/amsfonts/cm/cmsy9.pfb></usr/local/texlive/2012/texmf-dist/fonts/t
ype1/public/amsfonts/symbols/msbm10.pfb></usr/local/texlive/2012/texmf-dist/fon
ts/type1/urw/courier/ucrr8a.pfb></usr/local/texlive/2012/texmf-dist/fonts/type1
/urw/helvetic/uhvb8a.pfb></usr/local/texlive/2012/texmf-dist/fonts/type1/urw/ti
mes/utmb8a.pfb></usr/local/texlive/2012/texmf-dist/fonts/type1/urw/times/utmr8a
.pfb></usr/local/texlive/2012/texmf-dist/fonts/type1/urw/times/utmri8a.pfb>
Output written on parallel_submodular.pdf (27 pages, 3779178 bytes).
PDF statistics:
 716 PDF objects out of 1000 (max. 8388607)
 519 compressed objects within 6 object streams
 168 named destinations out of 1000 (max. 500000)
 28980 words of extra memory for PDF output out of 29859 (max. 10000000)

